{"__type":"$$EventMessageWorkflow","id":"c3d1449a-6a67-4529-8ffc-9ad6996af667","ts":"2026-02-23T13:47:24.528-05:00","eventName":"n8n.workflow.started","message":"n8n.workflow.started","payload":{"executionId":"3","workflowId":"MjT4bRggnLGesdcowt-s_","isManual":false,"workflowName":"My workflow"}}
{"__type":"$$EventMessageConfirm","confirm":"c3d1449a-6a67-4529-8ffc-9ad6996af667","ts":"2026-02-23T13:47:24.529-05:00","source":{"id":"0","name":"eventBus"}}
{"__type":"$$EventMessageNode","id":"5221e00f-9261-415a-879d-a62d84f7e09a","ts":"2026-02-23T13:47:24.530-05:00","eventName":"n8n.node.started","message":"n8n.node.started","payload":{"workflowId":"MjT4bRggnLGesdcowt-s_","workflowName":"My workflow","executionId":"3","nodeType":"n8n-nodes-base.webhook","nodeName":"Webhook","nodeId":"1f78c74c-c3e7-47ca-9d6a-32858937a609"}}
{"__type":"$$EventMessageConfirm","confirm":"5221e00f-9261-415a-879d-a62d84f7e09a","ts":"2026-02-23T13:47:24.530-05:00","source":{"id":"0","name":"eventBus"}}
{"__type":"$$EventMessageNode","id":"109d24e2-d75c-4366-9fe6-bc66f87a30f0","ts":"2026-02-23T13:47:24.531-05:00","eventName":"n8n.node.finished","message":"n8n.node.finished","payload":{"workflowId":"MjT4bRggnLGesdcowt-s_","workflowName":"My workflow","executionId":"3","nodeType":"n8n-nodes-base.webhook","nodeName":"Webhook","nodeId":"1f78c74c-c3e7-47ca-9d6a-32858937a609"}}
{"__type":"$$EventMessageConfirm","confirm":"109d24e2-d75c-4366-9fe6-bc66f87a30f0","ts":"2026-02-23T13:47:24.531-05:00","source":{"id":"0","name":"eventBus"}}
{"__type":"$$EventMessageNode","id":"04bb9e51-96b5-414e-89b3-9270cedbb20c","ts":"2026-02-23T13:47:24.532-05:00","eventName":"n8n.node.started","message":"n8n.node.started","payload":{"workflowId":"MjT4bRggnLGesdcowt-s_","workflowName":"My workflow","executionId":"3","nodeType":"n8n-nodes-base.readWriteFile","nodeName":"Read/Write Files from Disk","nodeId":"733bd81f-ad22-43a1-9226-08283772a719"}}
{"__type":"$$EventMessageConfirm","confirm":"04bb9e51-96b5-414e-89b3-9270cedbb20c","ts":"2026-02-23T13:47:24.532-05:00","source":{"id":"0","name":"eventBus"}}
{"__type":"$$EventMessageNode","id":"e2510c15-05be-4946-97fd-3beb3c0e83ef","ts":"2026-02-23T13:47:24.543-05:00","eventName":"n8n.node.finished","message":"n8n.node.finished","payload":{"workflowId":"MjT4bRggnLGesdcowt-s_","workflowName":"My workflow","executionId":"3","nodeType":"n8n-nodes-base.readWriteFile","nodeName":"Read/Write Files from Disk","nodeId":"733bd81f-ad22-43a1-9226-08283772a719"}}
{"__type":"$$EventMessageConfirm","confirm":"e2510c15-05be-4946-97fd-3beb3c0e83ef","ts":"2026-02-23T13:47:24.544-05:00","source":{"id":"0","name":"eventBus"}}
{"__type":"$$EventMessageNode","id":"1b514916-12c1-44b2-b50b-1d4dcedf4955","ts":"2026-02-23T13:47:24.544-05:00","eventName":"n8n.node.started","message":"n8n.node.started","payload":{"workflowId":"MjT4bRggnLGesdcowt-s_","workflowName":"My workflow","executionId":"3","nodeType":"n8n-nodes-base.set","nodeName":"Edit Fields","nodeId":"14d96438-6d0c-4f8e-86e1-83b0a92959b6"}}
{"__type":"$$EventMessageConfirm","confirm":"1b514916-12c1-44b2-b50b-1d4dcedf4955","ts":"2026-02-23T13:47:24.544-05:00","source":{"id":"0","name":"eventBus"}}
{"__type":"$$EventMessageNode","id":"9881f04d-e3cb-4384-b093-2d3908242974","ts":"2026-02-23T13:47:24.583-05:00","eventName":"n8n.node.finished","message":"n8n.node.finished","payload":{"workflowId":"MjT4bRggnLGesdcowt-s_","workflowName":"My workflow","executionId":"3","nodeType":"n8n-nodes-base.set","nodeName":"Edit Fields","nodeId":"14d96438-6d0c-4f8e-86e1-83b0a92959b6"}}
{"__type":"$$EventMessageConfirm","confirm":"9881f04d-e3cb-4384-b093-2d3908242974","ts":"2026-02-23T13:47:24.584-05:00","source":{"id":"0","name":"eventBus"}}
{"__type":"$$EventMessageNode","id":"cfb357e1-094e-42e5-a9d4-d52d0ab56547","ts":"2026-02-23T13:47:24.584-05:00","eventName":"n8n.node.started","message":"n8n.node.started","payload":{"workflowId":"MjT4bRggnLGesdcowt-s_","workflowName":"My workflow","executionId":"3","nodeType":"n8n-nodes-base.mySql","nodeName":"Execute a SQL query","nodeId":"026d25bd-d2ba-45c1-8bb4-c22bf8c09b70"}}
{"__type":"$$EventMessageConfirm","confirm":"cfb357e1-094e-42e5-a9d4-d52d0ab56547","ts":"2026-02-23T13:47:24.584-05:00","source":{"id":"0","name":"eventBus"}}
{"__type":"$$EventMessageNode","id":"a7785c31-d827-4017-9edd-59d939437a78","ts":"2026-02-23T13:47:24.663-05:00","eventName":"n8n.node.finished","message":"n8n.node.finished","payload":{"workflowId":"MjT4bRggnLGesdcowt-s_","workflowName":"My workflow","executionId":"3","nodeType":"n8n-nodes-base.mySql","nodeName":"Execute a SQL query","nodeId":"026d25bd-d2ba-45c1-8bb4-c22bf8c09b70"}}
{"__type":"$$EventMessageConfirm","confirm":"a7785c31-d827-4017-9edd-59d939437a78","ts":"2026-02-23T13:47:24.663-05:00","source":{"id":"0","name":"eventBus"}}
{"__type":"$$EventMessageNode","id":"0c608637-2f4c-48b9-a28d-c4ed9853fd40","ts":"2026-02-23T13:47:24.663-05:00","eventName":"n8n.node.started","message":"n8n.node.started","payload":{"workflowId":"MjT4bRggnLGesdcowt-s_","workflowName":"My workflow","executionId":"3","nodeType":"n8n-nodes-base.httpRequest","nodeName":"HTTP Request","nodeId":"ee491763-322a-4783-9ad5-3c4c255ce5b8"}}
{"__type":"$$EventMessageConfirm","confirm":"0c608637-2f4c-48b9-a28d-c4ed9853fd40","ts":"2026-02-23T13:47:24.663-05:00","source":{"id":"0","name":"eventBus"}}
{"__type":"$$EventMessageNode","id":"dcfc6be1-4231-4e14-9964-4a13716ac57e","ts":"2026-02-23T13:47:26.203-05:00","eventName":"n8n.node.finished","message":"n8n.node.finished","payload":{"workflowId":"MjT4bRggnLGesdcowt-s_","workflowName":"My workflow","executionId":"3","nodeType":"n8n-nodes-base.httpRequest","nodeName":"HTTP Request","nodeId":"ee491763-322a-4783-9ad5-3c4c255ce5b8"}}
{"__type":"$$EventMessageConfirm","confirm":"dcfc6be1-4231-4e14-9964-4a13716ac57e","ts":"2026-02-23T13:47:26.203-05:00","source":{"id":"0","name":"eventBus"}}
{"__type":"$$EventMessageNode","id":"340de468-aba6-4974-9e67-654261a8f037","ts":"2026-02-23T13:47:26.203-05:00","eventName":"n8n.node.started","message":"n8n.node.started","payload":{"workflowId":"MjT4bRggnLGesdcowt-s_","workflowName":"My workflow","executionId":"3","nodeType":"n8n-nodes-base.merge","nodeName":"Merge","nodeId":"a51dd216-c76c-4490-be1e-12b36c38ef15"}}
{"__type":"$$EventMessageConfirm","confirm":"340de468-aba6-4974-9e67-654261a8f037","ts":"2026-02-23T13:47:26.203-05:00","source":{"id":"0","name":"eventBus"}}
{"__type":"$$EventMessageNode","id":"823471bc-66ea-44fb-9775-cec6cbe853ac","ts":"2026-02-23T13:47:26.222-05:00","eventName":"n8n.node.finished","message":"n8n.node.finished","payload":{"workflowId":"MjT4bRggnLGesdcowt-s_","workflowName":"My workflow","executionId":"3","nodeType":"n8n-nodes-base.merge","nodeName":"Merge","nodeId":"a51dd216-c76c-4490-be1e-12b36c38ef15"}}
{"__type":"$$EventMessageConfirm","confirm":"823471bc-66ea-44fb-9775-cec6cbe853ac","ts":"2026-02-23T13:47:26.223-05:00","source":{"id":"0","name":"eventBus"}}
{"__type":"$$EventMessageNode","id":"6f5bae1b-d9b1-4538-9c0e-0f48db6bd8a0","ts":"2026-02-23T13:47:26.223-05:00","eventName":"n8n.node.started","message":"n8n.node.started","payload":{"workflowId":"MjT4bRggnLGesdcowt-s_","workflowName":"My workflow","executionId":"3","nodeType":"n8n-nodes-base.code","nodeName":"Code in JavaScript","nodeId":"a8c32391-d13c-4fd5-97fb-8fbc9225eeff"}}
{"__type":"$$EventMessageConfirm","confirm":"6f5bae1b-d9b1-4538-9c0e-0f48db6bd8a0","ts":"2026-02-23T13:47:26.223-05:00","source":{"id":"0","name":"eventBus"}}
{"__type":"$$EventMessageRunner","id":"5c159479-7b7b-4618-86a6-7928ca9d19a1","ts":"2026-02-23T13:47:26.230-05:00","eventName":"n8n.runner.task.requested","message":"n8n.runner.task.requested","payload":{"taskId":"IhIUrQ-p","nodeId":"a8c32391-d13c-4fd5-97fb-8fbc9225eeff","workflowId":"MjT4bRggnLGesdcowt-s_","executionId":"3"}}
{"__type":"$$EventMessageConfirm","confirm":"5c159479-7b7b-4618-86a6-7928ca9d19a1","ts":"2026-02-23T13:47:26.230-05:00","source":{"id":"0","name":"eventBus"}}
{"__type":"$$EventMessageRunner","id":"7133a89b-a774-400a-8ae9-4009c8988cea","ts":"2026-02-23T13:47:26.340-05:00","eventName":"n8n.runner.response.received","message":"n8n.runner.response.received","payload":{"taskId":"IhIUrQ-p","nodeId":"a8c32391-d13c-4fd5-97fb-8fbc9225eeff","workflowId":"MjT4bRggnLGesdcowt-s_","executionId":"3"}}
{"__type":"$$EventMessageConfirm","confirm":"7133a89b-a774-400a-8ae9-4009c8988cea","ts":"2026-02-23T13:47:26.340-05:00","source":{"id":"0","name":"eventBus"}}
{"__type":"$$EventMessageNode","id":"9073c7c3-c481-43f4-a354-4403edb58a2a","ts":"2026-02-23T13:47:26.341-05:00","eventName":"n8n.node.finished","message":"n8n.node.finished","payload":{"workflowId":"MjT4bRggnLGesdcowt-s_","workflowName":"My workflow","executionId":"3","nodeType":"n8n-nodes-base.code","nodeName":"Code in JavaScript","nodeId":"a8c32391-d13c-4fd5-97fb-8fbc9225eeff"}}
{"__type":"$$EventMessageConfirm","confirm":"9073c7c3-c481-43f4-a354-4403edb58a2a","ts":"2026-02-23T13:47:26.341-05:00","source":{"id":"0","name":"eventBus"}}
{"__type":"$$EventMessageNode","id":"a736eeb2-2918-4610-a80f-226c37a2dd4d","ts":"2026-02-23T13:47:26.342-05:00","eventName":"n8n.node.started","message":"n8n.node.started","payload":{"workflowId":"MjT4bRggnLGesdcowt-s_","workflowName":"My workflow","executionId":"3","nodeType":"n8n-nodes-base.httpRequest","nodeName":"Send Verification to Laravel","nodeId":"dabdab42-39b4-4f53-a76e-edf2e41760a9"}}
{"__type":"$$EventMessageConfirm","confirm":"a736eeb2-2918-4610-a80f-226c37a2dd4d","ts":"2026-02-23T13:47:26.342-05:00","source":{"id":"0","name":"eventBus"}}
{"__type":"$$EventMessageNode","id":"f5022416-1ee7-412d-a1e0-57885ddd0c1b","ts":"2026-02-23T13:47:26.522-05:00","eventName":"n8n.node.finished","message":"n8n.node.finished","payload":{"workflowId":"MjT4bRggnLGesdcowt-s_","workflowName":"My workflow","executionId":"3","nodeType":"n8n-nodes-base.httpRequest","nodeName":"Send Verification to Laravel","nodeId":"dabdab42-39b4-4f53-a76e-edf2e41760a9"}}
{"__type":"$$EventMessageConfirm","confirm":"f5022416-1ee7-412d-a1e0-57885ddd0c1b","ts":"2026-02-23T13:47:26.523-05:00","source":{"id":"0","name":"eventBus"}}
{"__type":"$$EventMessageWorkflow","id":"4f1d6179-bea4-45c0-b17f-dd61e640a845","ts":"2026-02-23T13:47:26.524-05:00","eventName":"n8n.workflow.failed","message":"n8n.workflow.failed","payload":{"executionId":"3","success":false,"isManual":false,"workflowId":"MjT4bRggnLGesdcowt-s_","workflowName":"My workflow","lastNodeExecuted":"Send Verification to Laravel","errorNodeType":"n8n-nodes-base.httpRequest","errorMessage":"The service was not able to process your request"}}
{"__type":"$$EventMessageConfirm","confirm":"4f1d6179-bea4-45c0-b17f-dd61e640a845","ts":"2026-02-23T13:47:26.524-05:00","source":{"id":"0","name":"eventBus"}}
{"__type":"$$EventMessageWorkflow","id":"4cd7a024-55c4-4ba0-96b4-0839a4244bbf","ts":"2026-02-23T13:50:15.022-05:00","eventName":"n8n.workflow.started","message":"n8n.workflow.started","payload":{"executionId":"4","workflowId":"MjT4bRggnLGesdcowt-s_","isManual":false,"workflowName":"My workflow"}}
{"__type":"$$EventMessageConfirm","confirm":"4cd7a024-55c4-4ba0-96b4-0839a4244bbf","ts":"2026-02-23T13:50:15.022-05:00","source":{"id":"0","name":"eventBus"}}
{"__type":"$$EventMessageNode","id":"fa582620-345e-43db-9ffa-12aa96e22527","ts":"2026-02-23T13:50:15.023-05:00","eventName":"n8n.node.started","message":"n8n.node.started","payload":{"workflowId":"MjT4bRggnLGesdcowt-s_","workflowName":"My workflow","executionId":"4","nodeType":"n8n-nodes-base.webhook","nodeName":"Webhook","nodeId":"1f78c74c-c3e7-47ca-9d6a-32858937a609"}}
{"__type":"$$EventMessageConfirm","confirm":"fa582620-345e-43db-9ffa-12aa96e22527","ts":"2026-02-23T13:50:15.023-05:00","source":{"id":"0","name":"eventBus"}}
{"__type":"$$EventMessageNode","id":"4f183ac5-5c41-4853-95d6-a6824f42931a","ts":"2026-02-23T13:50:15.023-05:00","eventName":"n8n.node.finished","message":"n8n.node.finished","payload":{"workflowId":"MjT4bRggnLGesdcowt-s_","workflowName":"My workflow","executionId":"4","nodeType":"n8n-nodes-base.webhook","nodeName":"Webhook","nodeId":"1f78c74c-c3e7-47ca-9d6a-32858937a609"}}
{"__type":"$$EventMessageConfirm","confirm":"4f183ac5-5c41-4853-95d6-a6824f42931a","ts":"2026-02-23T13:50:15.023-05:00","source":{"id":"0","name":"eventBus"}}
{"__type":"$$EventMessageNode","id":"9659cd06-e2d3-4151-b6f5-a7a3e2e19514","ts":"2026-02-23T13:50:15.023-05:00","eventName":"n8n.node.started","message":"n8n.node.started","payload":{"workflowId":"MjT4bRggnLGesdcowt-s_","workflowName":"My workflow","executionId":"4","nodeType":"n8n-nodes-base.readWriteFile","nodeName":"Read/Write Files from Disk","nodeId":"733bd81f-ad22-43a1-9226-08283772a719"}}
{"__type":"$$EventMessageConfirm","confirm":"9659cd06-e2d3-4151-b6f5-a7a3e2e19514","ts":"2026-02-23T13:50:15.023-05:00","source":{"id":"0","name":"eventBus"}}
{"__type":"$$EventMessageNode","id":"9c1efbb7-b954-4368-9ccb-17ec72102ba0","ts":"2026-02-23T13:50:15.026-05:00","eventName":"n8n.node.finished","message":"n8n.node.finished","payload":{"workflowId":"MjT4bRggnLGesdcowt-s_","workflowName":"My workflow","executionId":"4","nodeType":"n8n-nodes-base.readWriteFile","nodeName":"Read/Write Files from Disk","nodeId":"733bd81f-ad22-43a1-9226-08283772a719"}}
{"__type":"$$EventMessageConfirm","confirm":"9c1efbb7-b954-4368-9ccb-17ec72102ba0","ts":"2026-02-23T13:50:15.026-05:00","source":{"id":"0","name":"eventBus"}}
{"__type":"$$EventMessageNode","id":"945f524d-e7a6-4deb-ae0e-ee3c8ffb434b","ts":"2026-02-23T13:50:15.026-05:00","eventName":"n8n.node.started","message":"n8n.node.started","payload":{"workflowId":"MjT4bRggnLGesdcowt-s_","workflowName":"My workflow","executionId":"4","nodeType":"n8n-nodes-base.set","nodeName":"Edit Fields","nodeId":"14d96438-6d0c-4f8e-86e1-83b0a92959b6"}}
{"__type":"$$EventMessageConfirm","confirm":"945f524d-e7a6-4deb-ae0e-ee3c8ffb434b","ts":"2026-02-23T13:50:15.026-05:00","source":{"id":"0","name":"eventBus"}}
{"__type":"$$EventMessageNode","id":"3dee8973-d7a8-46bf-8b94-415606b1d403","ts":"2026-02-23T13:50:15.030-05:00","eventName":"n8n.node.finished","message":"n8n.node.finished","payload":{"workflowId":"MjT4bRggnLGesdcowt-s_","workflowName":"My workflow","executionId":"4","nodeType":"n8n-nodes-base.set","nodeName":"Edit Fields","nodeId":"14d96438-6d0c-4f8e-86e1-83b0a92959b6"}}
{"__type":"$$EventMessageConfirm","confirm":"3dee8973-d7a8-46bf-8b94-415606b1d403","ts":"2026-02-23T13:50:15.030-05:00","source":{"id":"0","name":"eventBus"}}
{"__type":"$$EventMessageNode","id":"99b5897b-c227-4c84-9309-513726af1a13","ts":"2026-02-23T13:50:15.030-05:00","eventName":"n8n.node.started","message":"n8n.node.started","payload":{"workflowId":"MjT4bRggnLGesdcowt-s_","workflowName":"My workflow","executionId":"4","nodeType":"n8n-nodes-base.mySql","nodeName":"Execute a SQL query","nodeId":"026d25bd-d2ba-45c1-8bb4-c22bf8c09b70"}}
{"__type":"$$EventMessageConfirm","confirm":"99b5897b-c227-4c84-9309-513726af1a13","ts":"2026-02-23T13:50:15.031-05:00","source":{"id":"0","name":"eventBus"}}
{"__type":"$$EventMessageNode","id":"f3da872b-e464-44fc-b51d-990d45213a37","ts":"2026-02-23T13:50:15.046-05:00","eventName":"n8n.node.finished","message":"n8n.node.finished","payload":{"workflowId":"MjT4bRggnLGesdcowt-s_","workflowName":"My workflow","executionId":"4","nodeType":"n8n-nodes-base.mySql","nodeName":"Execute a SQL query","nodeId":"026d25bd-d2ba-45c1-8bb4-c22bf8c09b70"}}
{"__type":"$$EventMessageConfirm","confirm":"f3da872b-e464-44fc-b51d-990d45213a37","ts":"2026-02-23T13:50:15.046-05:00","source":{"id":"0","name":"eventBus"}}
{"__type":"$$EventMessageNode","id":"2562c618-4359-4447-9fd2-c8228e7090b0","ts":"2026-02-23T13:50:15.046-05:00","eventName":"n8n.node.started","message":"n8n.node.started","payload":{"workflowId":"MjT4bRggnLGesdcowt-s_","workflowName":"My workflow","executionId":"4","nodeType":"n8n-nodes-base.httpRequest","nodeName":"HTTP Request","nodeId":"ee491763-322a-4783-9ad5-3c4c255ce5b8"}}
{"__type":"$$EventMessageConfirm","confirm":"2562c618-4359-4447-9fd2-c8228e7090b0","ts":"2026-02-23T13:50:15.046-05:00","source":{"id":"0","name":"eventBus"}}
{"__type":"$$EventMessageNode","id":"4e8a2829-ab55-4fbe-8cc9-8dbedc7d96dd","ts":"2026-02-23T13:50:16.314-05:00","eventName":"n8n.node.finished","message":"n8n.node.finished","payload":{"workflowId":"MjT4bRggnLGesdcowt-s_","workflowName":"My workflow","executionId":"4","nodeType":"n8n-nodes-base.httpRequest","nodeName":"HTTP Request","nodeId":"ee491763-322a-4783-9ad5-3c4c255ce5b8"}}
{"__type":"$$EventMessageConfirm","confirm":"4e8a2829-ab55-4fbe-8cc9-8dbedc7d96dd","ts":"2026-02-23T13:50:16.314-05:00","source":{"id":"0","name":"eventBus"}}
{"__type":"$$EventMessageNode","id":"42b6f660-78ba-4bd4-877d-0be87ed43f80","ts":"2026-02-23T13:50:16.315-05:00","eventName":"n8n.node.started","message":"n8n.node.started","payload":{"workflowId":"MjT4bRggnLGesdcowt-s_","workflowName":"My workflow","executionId":"4","nodeType":"n8n-nodes-base.merge","nodeName":"Merge","nodeId":"a51dd216-c76c-4490-be1e-12b36c38ef15"}}
{"__type":"$$EventMessageConfirm","confirm":"42b6f660-78ba-4bd4-877d-0be87ed43f80","ts":"2026-02-23T13:50:16.315-05:00","source":{"id":"0","name":"eventBus"}}
{"__type":"$$EventMessageNode","id":"786ca96e-7d9d-4685-95c5-b989e9300c8c","ts":"2026-02-23T13:50:16.316-05:00","eventName":"n8n.node.finished","message":"n8n.node.finished","payload":{"workflowId":"MjT4bRggnLGesdcowt-s_","workflowName":"My workflow","executionId":"4","nodeType":"n8n-nodes-base.merge","nodeName":"Merge","nodeId":"a51dd216-c76c-4490-be1e-12b36c38ef15"}}
{"__type":"$$EventMessageConfirm","confirm":"786ca96e-7d9d-4685-95c5-b989e9300c8c","ts":"2026-02-23T13:50:16.316-05:00","source":{"id":"0","name":"eventBus"}}
{"__type":"$$EventMessageNode","id":"bdd76507-52b3-4636-88b4-cc766dd6944d","ts":"2026-02-23T13:50:16.316-05:00","eventName":"n8n.node.started","message":"n8n.node.started","payload":{"workflowId":"MjT4bRggnLGesdcowt-s_","workflowName":"My workflow","executionId":"4","nodeType":"n8n-nodes-base.code","nodeName":"Code in JavaScript","nodeId":"a8c32391-d13c-4fd5-97fb-8fbc9225eeff"}}
{"__type":"$$EventMessageConfirm","confirm":"bdd76507-52b3-4636-88b4-cc766dd6944d","ts":"2026-02-23T13:50:16.316-05:00","source":{"id":"0","name":"eventBus"}}
{"__type":"$$EventMessageRunner","id":"e3a4a03c-1b32-4b0b-b781-b355145fe45c","ts":"2026-02-23T13:50:16.319-05:00","eventName":"n8n.runner.task.requested","message":"n8n.runner.task.requested","payload":{"taskId":"J2dq1Qfl","nodeId":"a8c32391-d13c-4fd5-97fb-8fbc9225eeff","workflowId":"MjT4bRggnLGesdcowt-s_","executionId":"4"}}
{"__type":"$$EventMessageConfirm","confirm":"e3a4a03c-1b32-4b0b-b781-b355145fe45c","ts":"2026-02-23T13:50:16.319-05:00","source":{"id":"0","name":"eventBus"}}
{"__type":"$$EventMessageRunner","id":"f9471703-2dc9-4930-950a-a95a321a25a1","ts":"2026-02-23T13:50:16.327-05:00","eventName":"n8n.runner.response.received","message":"n8n.runner.response.received","payload":{"taskId":"J2dq1Qfl","nodeId":"a8c32391-d13c-4fd5-97fb-8fbc9225eeff","workflowId":"MjT4bRggnLGesdcowt-s_","executionId":"4"}}
{"__type":"$$EventMessageConfirm","confirm":"f9471703-2dc9-4930-950a-a95a321a25a1","ts":"2026-02-23T13:50:16.327-05:00","source":{"id":"0","name":"eventBus"}}
{"__type":"$$EventMessageNode","id":"81d48561-ef49-42ce-a8c1-970f86b22830","ts":"2026-02-23T13:50:16.330-05:00","eventName":"n8n.node.finished","message":"n8n.node.finished","payload":{"workflowId":"MjT4bRggnLGesdcowt-s_","workflowName":"My workflow","executionId":"4","nodeType":"n8n-nodes-base.code","nodeName":"Code in JavaScript","nodeId":"a8c32391-d13c-4fd5-97fb-8fbc9225eeff"}}
{"__type":"$$EventMessageConfirm","confirm":"81d48561-ef49-42ce-a8c1-970f86b22830","ts":"2026-02-23T13:50:16.331-05:00","source":{"id":"0","name":"eventBus"}}
{"__type":"$$EventMessageNode","id":"71b6aa06-61e0-4103-8c5d-bc6eab1e31fa","ts":"2026-02-23T13:50:16.331-05:00","eventName":"n8n.node.started","message":"n8n.node.started","payload":{"workflowId":"MjT4bRggnLGesdcowt-s_","workflowName":"My workflow","executionId":"4","nodeType":"n8n-nodes-base.httpRequest","nodeName":"Send Verification to Laravel","nodeId":"dabdab42-39b4-4f53-a76e-edf2e41760a9"}}
{"__type":"$$EventMessageConfirm","confirm":"71b6aa06-61e0-4103-8c5d-bc6eab1e31fa","ts":"2026-02-23T13:50:16.331-05:00","source":{"id":"0","name":"eventBus"}}
{"__type":"$$EventMessageNode","id":"b17c0440-f509-4f6e-98e5-8543fde46861","ts":"2026-02-23T13:50:16.498-05:00","eventName":"n8n.node.finished","message":"n8n.node.finished","payload":{"workflowId":"MjT4bRggnLGesdcowt-s_","workflowName":"My workflow","executionId":"4","nodeType":"n8n-nodes-base.httpRequest","nodeName":"Send Verification to Laravel","nodeId":"dabdab42-39b4-4f53-a76e-edf2e41760a9"}}
{"__type":"$$EventMessageConfirm","confirm":"b17c0440-f509-4f6e-98e5-8543fde46861","ts":"2026-02-23T13:50:16.499-05:00","source":{"id":"0","name":"eventBus"}}
{"__type":"$$EventMessageNode","id":"921fc0ea-38fd-4c48-b473-f4909c39f9cf","ts":"2026-02-23T13:50:16.499-05:00","eventName":"n8n.node.started","message":"n8n.node.started","payload":{"workflowId":"MjT4bRggnLGesdcowt-s_","workflowName":"My workflow","executionId":"4","nodeType":"n8n-nodes-base.httpRequest","nodeName":"HTTP Request1","nodeId":"5857e256-4e97-43a7-bf41-69416445a68f"}}
{"__type":"$$EventMessageConfirm","confirm":"921fc0ea-38fd-4c48-b473-f4909c39f9cf","ts":"2026-02-23T13:50:16.499-05:00","source":{"id":"0","name":"eventBus"}}
{"__type":"$$EventMessageNode","id":"6e096fed-4d0b-46d3-9deb-4469f4fd02c1","ts":"2026-02-23T13:50:16.713-05:00","eventName":"n8n.node.finished","message":"n8n.node.finished","payload":{"workflowId":"MjT4bRggnLGesdcowt-s_","workflowName":"My workflow","executionId":"4","nodeType":"n8n-nodes-base.httpRequest","nodeName":"HTTP Request1","nodeId":"5857e256-4e97-43a7-bf41-69416445a68f"}}
{"__type":"$$EventMessageConfirm","confirm":"6e096fed-4d0b-46d3-9deb-4469f4fd02c1","ts":"2026-02-23T13:50:16.713-05:00","source":{"id":"0","name":"eventBus"}}
{"__type":"$$EventMessageWorkflow","id":"04729941-f249-44a1-9729-cc9e86b9829d","ts":"2026-02-23T13:50:16.713-05:00","eventName":"n8n.workflow.failed","message":"n8n.workflow.failed","payload":{"executionId":"4","success":false,"isManual":false,"workflowId":"MjT4bRggnLGesdcowt-s_","workflowName":"My workflow","lastNodeExecuted":"HTTP Request1","errorNodeType":"n8n-nodes-base.httpRequest","errorMessage":"The service was not able to process your request"}}
{"__type":"$$EventMessageConfirm","confirm":"04729941-f249-44a1-9729-cc9e86b9829d","ts":"2026-02-23T13:50:16.713-05:00","source":{"id":"0","name":"eventBus"}}
{"__type":"$$EventMessageAudit","id":"6137dfa9-58c4-4609-825c-058a7ba6c8b5","ts":"2026-02-23T13:53:07.214-05:00","eventName":"n8n.audit.workflow.updated","message":"n8n.audit.workflow.updated","payload":{"userId":"33066ec7-54fa-4e1d-9f36-ce006e0dc3d9","_email":"muhammadthifaaldzaki@gmail.com","_firstName":"Muhammad","_lastName":"Dzaki","globalRole":"global:owner","workflowId":"MjT4bRggnLGesdcowt-s_","workflowName":"My workflow"}}
{"__type":"$$EventMessageConfirm","confirm":"6137dfa9-58c4-4609-825c-058a7ba6c8b5","ts":"2026-02-23T13:53:07.214-05:00","source":{"id":"0","name":"eventBus"}}
{"__type":"$$EventMessageAudit","id":"7178e301-2e7f-46e0-a65c-536a9b021657","ts":"2026-02-23T13:53:12.235-05:00","eventName":"n8n.audit.workflow.activated","message":"n8n.audit.workflow.activated","payload":{"userId":"33066ec7-54fa-4e1d-9f36-ce006e0dc3d9","_email":"muhammadthifaaldzaki@gmail.com","_firstName":"Muhammad","_lastName":"Dzaki","globalRole":"global:owner","workflowId":"MjT4bRggnLGesdcowt-s_","workflowName":"My workflow","activeVersionId":"2d45422b-ee0f-4fab-9b6b-401fbdda92da"}}
{"__type":"$$EventMessageConfirm","confirm":"7178e301-2e7f-46e0-a65c-536a9b021657","ts":"2026-02-23T13:53:12.235-05:00","source":{"id":"0","name":"eventBus"}}
{"__type":"$$EventMessageWorkflow","id":"e7342b88-5e42-4925-8617-4a65e386cab1","ts":"2026-02-23T13:54:50.712-05:00","eventName":"n8n.workflow.started","message":"n8n.workflow.started","payload":{"executionId":"5","workflowId":"MjT4bRggnLGesdcowt-s_","isManual":false,"workflowName":"My workflow"}}
{"__type":"$$EventMessageConfirm","confirm":"e7342b88-5e42-4925-8617-4a65e386cab1","ts":"2026-02-23T13:54:50.713-05:00","source":{"id":"0","name":"eventBus"}}
{"__type":"$$EventMessageNode","id":"292a78e6-64fd-4b8d-90c6-14fe5eab58da","ts":"2026-02-23T13:54:50.714-05:00","eventName":"n8n.node.started","message":"n8n.node.started","payload":{"workflowId":"MjT4bRggnLGesdcowt-s_","workflowName":"My workflow","executionId":"5","nodeType":"n8n-nodes-base.webhook","nodeName":"Webhook","nodeId":"1f78c74c-c3e7-47ca-9d6a-32858937a609"}}
{"__type":"$$EventMessageConfirm","confirm":"292a78e6-64fd-4b8d-90c6-14fe5eab58da","ts":"2026-02-23T13:54:50.714-05:00","source":{"id":"0","name":"eventBus"}}
{"__type":"$$EventMessageNode","id":"823cef33-8ed0-40ff-88cd-b727c373f1cf","ts":"2026-02-23T13:54:50.716-05:00","eventName":"n8n.node.finished","message":"n8n.node.finished","payload":{"workflowId":"MjT4bRggnLGesdcowt-s_","workflowName":"My workflow","executionId":"5","nodeType":"n8n-nodes-base.webhook","nodeName":"Webhook","nodeId":"1f78c74c-c3e7-47ca-9d6a-32858937a609"}}
{"__type":"$$EventMessageConfirm","confirm":"823cef33-8ed0-40ff-88cd-b727c373f1cf","ts":"2026-02-23T13:54:50.716-05:00","source":{"id":"0","name":"eventBus"}}
{"__type":"$$EventMessageNode","id":"65b79c05-29f5-477d-a33d-b7d51d458fa8","ts":"2026-02-23T13:54:50.716-05:00","eventName":"n8n.node.started","message":"n8n.node.started","payload":{"workflowId":"MjT4bRggnLGesdcowt-s_","workflowName":"My workflow","executionId":"5","nodeType":"n8n-nodes-base.readWriteFile","nodeName":"Read/Write Files from Disk","nodeId":"733bd81f-ad22-43a1-9226-08283772a719"}}
{"__type":"$$EventMessageConfirm","confirm":"65b79c05-29f5-477d-a33d-b7d51d458fa8","ts":"2026-02-23T13:54:50.716-05:00","source":{"id":"0","name":"eventBus"}}
{"__type":"$$EventMessageNode","id":"3b326e18-3134-4e08-893a-ac6b5735b6d6","ts":"2026-02-23T13:54:50.721-05:00","eventName":"n8n.node.finished","message":"n8n.node.finished","payload":{"workflowId":"MjT4bRggnLGesdcowt-s_","workflowName":"My workflow","executionId":"5","nodeType":"n8n-nodes-base.readWriteFile","nodeName":"Read/Write Files from Disk","nodeId":"733bd81f-ad22-43a1-9226-08283772a719"}}
{"__type":"$$EventMessageConfirm","confirm":"3b326e18-3134-4e08-893a-ac6b5735b6d6","ts":"2026-02-23T13:54:50.721-05:00","source":{"id":"0","name":"eventBus"}}
{"__type":"$$EventMessageNode","id":"9a4b37be-f9bf-449c-828f-45b6184798f9","ts":"2026-02-23T13:54:50.721-05:00","eventName":"n8n.node.started","message":"n8n.node.started","payload":{"workflowId":"MjT4bRggnLGesdcowt-s_","workflowName":"My workflow","executionId":"5","nodeType":"n8n-nodes-base.set","nodeName":"Edit Fields","nodeId":"14d96438-6d0c-4f8e-86e1-83b0a92959b6"}}
{"__type":"$$EventMessageConfirm","confirm":"9a4b37be-f9bf-449c-828f-45b6184798f9","ts":"2026-02-23T13:54:50.721-05:00","source":{"id":"0","name":"eventBus"}}
{"__type":"$$EventMessageNode","id":"c2493d26-9491-402f-8a6b-cab7c55aa52c","ts":"2026-02-23T13:54:50.724-05:00","eventName":"n8n.node.finished","message":"n8n.node.finished","payload":{"workflowId":"MjT4bRggnLGesdcowt-s_","workflowName":"My workflow","executionId":"5","nodeType":"n8n-nodes-base.set","nodeName":"Edit Fields","nodeId":"14d96438-6d0c-4f8e-86e1-83b0a92959b6"}}
{"__type":"$$EventMessageConfirm","confirm":"c2493d26-9491-402f-8a6b-cab7c55aa52c","ts":"2026-02-23T13:54:50.725-05:00","source":{"id":"0","name":"eventBus"}}
{"__type":"$$EventMessageNode","id":"c4cf7c77-743c-47e3-8467-dcb7363d2ddf","ts":"2026-02-23T13:54:50.725-05:00","eventName":"n8n.node.started","message":"n8n.node.started","payload":{"workflowId":"MjT4bRggnLGesdcowt-s_","workflowName":"My workflow","executionId":"5","nodeType":"n8n-nodes-base.mySql","nodeName":"Execute a SQL query","nodeId":"026d25bd-d2ba-45c1-8bb4-c22bf8c09b70"}}
{"__type":"$$EventMessageConfirm","confirm":"c4cf7c77-743c-47e3-8467-dcb7363d2ddf","ts":"2026-02-23T13:54:50.725-05:00","source":{"id":"0","name":"eventBus"}}
{"__type":"$$EventMessageNode","id":"f3402a26-53f1-408b-8dda-cf45448fe7c5","ts":"2026-02-23T13:54:50.743-05:00","eventName":"n8n.node.finished","message":"n8n.node.finished","payload":{"workflowId":"MjT4bRggnLGesdcowt-s_","workflowName":"My workflow","executionId":"5","nodeType":"n8n-nodes-base.mySql","nodeName":"Execute a SQL query","nodeId":"026d25bd-d2ba-45c1-8bb4-c22bf8c09b70"}}
{"__type":"$$EventMessageConfirm","confirm":"f3402a26-53f1-408b-8dda-cf45448fe7c5","ts":"2026-02-23T13:54:50.743-05:00","source":{"id":"0","name":"eventBus"}}
{"__type":"$$EventMessageNode","id":"da294c4e-f45f-4838-a5ae-143cea17fd09","ts":"2026-02-23T13:54:50.744-05:00","eventName":"n8n.node.started","message":"n8n.node.started","payload":{"workflowId":"MjT4bRggnLGesdcowt-s_","workflowName":"My workflow","executionId":"5","nodeType":"n8n-nodes-base.httpRequest","nodeName":"HTTP Request","nodeId":"ee491763-322a-4783-9ad5-3c4c255ce5b8"}}
{"__type":"$$EventMessageConfirm","confirm":"da294c4e-f45f-4838-a5ae-143cea17fd09","ts":"2026-02-23T13:54:50.744-05:00","source":{"id":"0","name":"eventBus"}}
{"__type":"$$EventMessageNode","id":"5d2c62e1-5d7b-4441-9a02-5396177b9065","ts":"2026-02-23T13:54:52.416-05:00","eventName":"n8n.node.finished","message":"n8n.node.finished","payload":{"workflowId":"MjT4bRggnLGesdcowt-s_","workflowName":"My workflow","executionId":"5","nodeType":"n8n-nodes-base.httpRequest","nodeName":"HTTP Request","nodeId":"ee491763-322a-4783-9ad5-3c4c255ce5b8"}}
{"__type":"$$EventMessageConfirm","confirm":"5d2c62e1-5d7b-4441-9a02-5396177b9065","ts":"2026-02-23T13:54:52.416-05:00","source":{"id":"0","name":"eventBus"}}
{"__type":"$$EventMessageNode","id":"f3baf399-c47f-474c-a0a0-85fce3fb019f","ts":"2026-02-23T13:54:52.416-05:00","eventName":"n8n.node.started","message":"n8n.node.started","payload":{"workflowId":"MjT4bRggnLGesdcowt-s_","workflowName":"My workflow","executionId":"5","nodeType":"n8n-nodes-base.merge","nodeName":"Merge","nodeId":"a51dd216-c76c-4490-be1e-12b36c38ef15"}}
{"__type":"$$EventMessageConfirm","confirm":"f3baf399-c47f-474c-a0a0-85fce3fb019f","ts":"2026-02-23T13:54:52.417-05:00","source":{"id":"0","name":"eventBus"}}
{"__type":"$$EventMessageNode","id":"f3dff246-7aeb-42c0-b2cd-19cab6c392a7","ts":"2026-02-23T13:54:52.419-05:00","eventName":"n8n.node.finished","message":"n8n.node.finished","payload":{"workflowId":"MjT4bRggnLGesdcowt-s_","workflowName":"My workflow","executionId":"5","nodeType":"n8n-nodes-base.merge","nodeName":"Merge","nodeId":"a51dd216-c76c-4490-be1e-12b36c38ef15"}}
{"__type":"$$EventMessageConfirm","confirm":"f3dff246-7aeb-42c0-b2cd-19cab6c392a7","ts":"2026-02-23T13:54:52.419-05:00","source":{"id":"0","name":"eventBus"}}
{"__type":"$$EventMessageNode","id":"a5ca0d28-501c-4fda-9eee-1bcae4f07e66","ts":"2026-02-23T13:54:52.419-05:00","eventName":"n8n.node.started","message":"n8n.node.started","payload":{"workflowId":"MjT4bRggnLGesdcowt-s_","workflowName":"My workflow","executionId":"5","nodeType":"n8n-nodes-base.code","nodeName":"Code in JavaScript","nodeId":"a8c32391-d13c-4fd5-97fb-8fbc9225eeff"}}
{"__type":"$$EventMessageConfirm","confirm":"a5ca0d28-501c-4fda-9eee-1bcae4f07e66","ts":"2026-02-23T13:54:52.419-05:00","source":{"id":"0","name":"eventBus"}}
{"__type":"$$EventMessageRunner","id":"1604b9ad-acc7-45b4-acf0-0b57b348af6b","ts":"2026-02-23T13:54:52.422-05:00","eventName":"n8n.runner.task.requested","message":"n8n.runner.task.requested","payload":{"taskId":"nygsAB7X","nodeId":"a8c32391-d13c-4fd5-97fb-8fbc9225eeff","workflowId":"MjT4bRggnLGesdcowt-s_","executionId":"5"}}
{"__type":"$$EventMessageConfirm","confirm":"1604b9ad-acc7-45b4-acf0-0b57b348af6b","ts":"2026-02-23T13:54:52.422-05:00","source":{"id":"0","name":"eventBus"}}
{"__type":"$$EventMessageRunner","id":"0e4c436d-82fe-46dc-8099-f1e4c073ddb0","ts":"2026-02-23T13:54:52.433-05:00","eventName":"n8n.runner.response.received","message":"n8n.runner.response.received","payload":{"taskId":"nygsAB7X","nodeId":"a8c32391-d13c-4fd5-97fb-8fbc9225eeff","workflowId":"MjT4bRggnLGesdcowt-s_","executionId":"5"}}
{"__type":"$$EventMessageConfirm","confirm":"0e4c436d-82fe-46dc-8099-f1e4c073ddb0","ts":"2026-02-23T13:54:52.433-05:00","source":{"id":"0","name":"eventBus"}}
{"__type":"$$EventMessageNode","id":"05305752-e1af-4734-9c46-4cb7625fc51b","ts":"2026-02-23T13:54:52.433-05:00","eventName":"n8n.node.finished","message":"n8n.node.finished","payload":{"workflowId":"MjT4bRggnLGesdcowt-s_","workflowName":"My workflow","executionId":"5","nodeType":"n8n-nodes-base.code","nodeName":"Code in JavaScript","nodeId":"a8c32391-d13c-4fd5-97fb-8fbc9225eeff"}}
{"__type":"$$EventMessageConfirm","confirm":"05305752-e1af-4734-9c46-4cb7625fc51b","ts":"2026-02-23T13:54:52.433-05:00","source":{"id":"0","name":"eventBus"}}
{"__type":"$$EventMessageNode","id":"c56c3544-efc7-45df-982c-282f90d9b4fa","ts":"2026-02-23T13:54:52.434-05:00","eventName":"n8n.node.started","message":"n8n.node.started","payload":{"workflowId":"MjT4bRggnLGesdcowt-s_","workflowName":"My workflow","executionId":"5","nodeType":"n8n-nodes-base.httpRequest","nodeName":"Send Verification to Laravel","nodeId":"dabdab42-39b4-4f53-a76e-edf2e41760a9"}}
{"__type":"$$EventMessageConfirm","confirm":"c56c3544-efc7-45df-982c-282f90d9b4fa","ts":"2026-02-23T13:54:52.434-05:00","source":{"id":"0","name":"eventBus"}}
{"__type":"$$EventMessageNode","id":"30aa733b-42c3-4799-acb7-3d642353d9be","ts":"2026-02-23T13:54:52.544-05:00","eventName":"n8n.node.finished","message":"n8n.node.finished","payload":{"workflowId":"MjT4bRggnLGesdcowt-s_","workflowName":"My workflow","executionId":"5","nodeType":"n8n-nodes-base.httpRequest","nodeName":"Send Verification to Laravel","nodeId":"dabdab42-39b4-4f53-a76e-edf2e41760a9"}}
{"__type":"$$EventMessageConfirm","confirm":"30aa733b-42c3-4799-acb7-3d642353d9be","ts":"2026-02-23T13:54:52.544-05:00","source":{"id":"0","name":"eventBus"}}
{"__type":"$$EventMessageNode","id":"d8ab5572-53ad-4943-999f-9c3430fb1f85","ts":"2026-02-23T13:54:52.544-05:00","eventName":"n8n.node.started","message":"n8n.node.started","payload":{"workflowId":"MjT4bRggnLGesdcowt-s_","workflowName":"My workflow","executionId":"5","nodeType":"n8n-nodes-base.httpRequest","nodeName":"HTTP Request1","nodeId":"5857e256-4e97-43a7-bf41-69416445a68f"}}
{"__type":"$$EventMessageConfirm","confirm":"d8ab5572-53ad-4943-999f-9c3430fb1f85","ts":"2026-02-23T13:54:52.544-05:00","source":{"id":"0","name":"eventBus"}}
{"__type":"$$EventMessageNode","id":"61c49193-0606-401f-8220-a3f8b1a50eca","ts":"2026-02-23T13:54:52.633-05:00","eventName":"n8n.node.finished","message":"n8n.node.finished","payload":{"workflowId":"MjT4bRggnLGesdcowt-s_","workflowName":"My workflow","executionId":"5","nodeType":"n8n-nodes-base.httpRequest","nodeName":"HTTP Request1","nodeId":"5857e256-4e97-43a7-bf41-69416445a68f"}}
{"__type":"$$EventMessageConfirm","confirm":"61c49193-0606-401f-8220-a3f8b1a50eca","ts":"2026-02-23T13:54:52.633-05:00","source":{"id":"0","name":"eventBus"}}
{"__type":"$$EventMessageWorkflow","id":"fc4cff66-f779-4e5a-9272-7db563fd7ac5","ts":"2026-02-23T13:54:52.633-05:00","eventName":"n8n.workflow.failed","message":"n8n.workflow.failed","payload":{"executionId":"5","success":false,"isManual":false,"workflowId":"MjT4bRggnLGesdcowt-s_","workflowName":"My workflow","lastNodeExecuted":"HTTP Request1","errorNodeType":"n8n-nodes-base.httpRequest","errorMessage":"JSON parameter needs to be valid JSON"}}
{"__type":"$$EventMessageConfirm","confirm":"fc4cff66-f779-4e5a-9272-7db563fd7ac5","ts":"2026-02-23T13:54:52.634-05:00","source":{"id":"0","name":"eventBus"}}
{"__type":"$$EventMessageAudit","id":"fc3ce827-3968-45a9-bb22-bab546d2a629","ts":"2026-02-23T13:55:24.055-05:00","eventName":"n8n.audit.workflow.updated","message":"n8n.audit.workflow.updated","payload":{"userId":"33066ec7-54fa-4e1d-9f36-ce006e0dc3d9","_email":"muhammadthifaaldzaki@gmail.com","_firstName":"Muhammad","_lastName":"Dzaki","globalRole":"global:owner","workflowId":"MjT4bRggnLGesdcowt-s_","workflowName":"My workflow"}}
{"__type":"$$EventMessageConfirm","confirm":"fc3ce827-3968-45a9-bb22-bab546d2a629","ts":"2026-02-23T13:55:24.055-05:00","source":{"id":"0","name":"eventBus"}}
{"__type":"$$EventMessageAudit","id":"8fa73bae-077b-419c-93b8-dafecbd2eff1","ts":"2026-02-23T13:55:31.802-05:00","eventName":"n8n.audit.workflow.activated","message":"n8n.audit.workflow.activated","payload":{"userId":"33066ec7-54fa-4e1d-9f36-ce006e0dc3d9","_email":"muhammadthifaaldzaki@gmail.com","_firstName":"Muhammad","_lastName":"Dzaki","globalRole":"global:owner","workflowId":"MjT4bRggnLGesdcowt-s_","workflowName":"My workflow","activeVersionId":"2a16f5c2-7728-4cf2-b912-7b9af4806ad8"}}
{"__type":"$$EventMessageConfirm","confirm":"8fa73bae-077b-419c-93b8-dafecbd2eff1","ts":"2026-02-23T13:55:31.802-05:00","source":{"id":"0","name":"eventBus"}}
{"__type":"$$EventMessageWorkflow","id":"7128b07b-c549-4319-a8ed-a644ed7435a1","ts":"2026-02-23T13:55:45.159-05:00","eventName":"n8n.workflow.started","message":"n8n.workflow.started","payload":{"executionId":"6","workflowId":"MjT4bRggnLGesdcowt-s_","isManual":false,"workflowName":"My workflow"}}
{"__type":"$$EventMessageConfirm","confirm":"7128b07b-c549-4319-a8ed-a644ed7435a1","ts":"2026-02-23T13:55:45.159-05:00","source":{"id":"0","name":"eventBus"}}
{"__type":"$$EventMessageNode","id":"0ce5b5b5-a472-4d51-a9e8-dd7ef34728a7","ts":"2026-02-23T13:55:45.160-05:00","eventName":"n8n.node.started","message":"n8n.node.started","payload":{"workflowId":"MjT4bRggnLGesdcowt-s_","workflowName":"My workflow","executionId":"6","nodeType":"n8n-nodes-base.webhook","nodeName":"Webhook","nodeId":"1f78c74c-c3e7-47ca-9d6a-32858937a609"}}
{"__type":"$$EventMessageConfirm","confirm":"0ce5b5b5-a472-4d51-a9e8-dd7ef34728a7","ts":"2026-02-23T13:55:45.160-05:00","source":{"id":"0","name":"eventBus"}}
{"__type":"$$EventMessageNode","id":"c9f3a1bd-c461-4eda-85d0-e7b06ecbc57a","ts":"2026-02-23T13:55:45.160-05:00","eventName":"n8n.node.finished","message":"n8n.node.finished","payload":{"workflowId":"MjT4bRggnLGesdcowt-s_","workflowName":"My workflow","executionId":"6","nodeType":"n8n-nodes-base.webhook","nodeName":"Webhook","nodeId":"1f78c74c-c3e7-47ca-9d6a-32858937a609"}}
{"__type":"$$EventMessageConfirm","confirm":"c9f3a1bd-c461-4eda-85d0-e7b06ecbc57a","ts":"2026-02-23T13:55:45.160-05:00","source":{"id":"0","name":"eventBus"}}
{"__type":"$$EventMessageNode","id":"1a341522-6bee-44ea-b3f3-71a225b97ce8","ts":"2026-02-23T13:55:45.160-05:00","eventName":"n8n.node.started","message":"n8n.node.started","payload":{"workflowId":"MjT4bRggnLGesdcowt-s_","workflowName":"My workflow","executionId":"6","nodeType":"n8n-nodes-base.readWriteFile","nodeName":"Read/Write Files from Disk","nodeId":"733bd81f-ad22-43a1-9226-08283772a719"}}
{"__type":"$$EventMessageConfirm","confirm":"1a341522-6bee-44ea-b3f3-71a225b97ce8","ts":"2026-02-23T13:55:45.161-05:00","source":{"id":"0","name":"eventBus"}}
{"__type":"$$EventMessageNode","id":"f567b23a-d23b-40f1-b856-ab27ed8ae2ca","ts":"2026-02-23T13:55:45.163-05:00","eventName":"n8n.node.finished","message":"n8n.node.finished","payload":{"workflowId":"MjT4bRggnLGesdcowt-s_","workflowName":"My workflow","executionId":"6","nodeType":"n8n-nodes-base.readWriteFile","nodeName":"Read/Write Files from Disk","nodeId":"733bd81f-ad22-43a1-9226-08283772a719"}}
{"__type":"$$EventMessageConfirm","confirm":"f567b23a-d23b-40f1-b856-ab27ed8ae2ca","ts":"2026-02-23T13:55:45.163-05:00","source":{"id":"0","name":"eventBus"}}
{"__type":"$$EventMessageNode","id":"373e5ffd-6dda-4d4b-a5ca-b81bbe3e9967","ts":"2026-02-23T13:55:45.163-05:00","eventName":"n8n.node.started","message":"n8n.node.started","payload":{"workflowId":"MjT4bRggnLGesdcowt-s_","workflowName":"My workflow","executionId":"6","nodeType":"n8n-nodes-base.set","nodeName":"Edit Fields","nodeId":"14d96438-6d0c-4f8e-86e1-83b0a92959b6"}}
{"__type":"$$EventMessageConfirm","confirm":"373e5ffd-6dda-4d4b-a5ca-b81bbe3e9967","ts":"2026-02-23T13:55:45.163-05:00","source":{"id":"0","name":"eventBus"}}
{"__type":"$$EventMessageNode","id":"9845da5c-e421-47bd-a20e-3bde43ae9ef9","ts":"2026-02-23T13:55:45.167-05:00","eventName":"n8n.node.finished","message":"n8n.node.finished","payload":{"workflowId":"MjT4bRggnLGesdcowt-s_","workflowName":"My workflow","executionId":"6","nodeType":"n8n-nodes-base.set","nodeName":"Edit Fields","nodeId":"14d96438-6d0c-4f8e-86e1-83b0a92959b6"}}
{"__type":"$$EventMessageConfirm","confirm":"9845da5c-e421-47bd-a20e-3bde43ae9ef9","ts":"2026-02-23T13:55:45.167-05:00","source":{"id":"0","name":"eventBus"}}
{"__type":"$$EventMessageNode","id":"dfdfe4f0-840a-4e36-a4d8-2c77fd78b256","ts":"2026-02-23T13:55:45.167-05:00","eventName":"n8n.node.started","message":"n8n.node.started","payload":{"workflowId":"MjT4bRggnLGesdcowt-s_","workflowName":"My workflow","executionId":"6","nodeType":"n8n-nodes-base.mySql","nodeName":"Execute a SQL query","nodeId":"026d25bd-d2ba-45c1-8bb4-c22bf8c09b70"}}
{"__type":"$$EventMessageConfirm","confirm":"dfdfe4f0-840a-4e36-a4d8-2c77fd78b256","ts":"2026-02-23T13:55:45.167-05:00","source":{"id":"0","name":"eventBus"}}
{"__type":"$$EventMessageNode","id":"83b5a93f-47dd-499b-9c5d-bfcd9cd07a36","ts":"2026-02-23T13:55:45.178-05:00","eventName":"n8n.node.finished","message":"n8n.node.finished","payload":{"workflowId":"MjT4bRggnLGesdcowt-s_","workflowName":"My workflow","executionId":"6","nodeType":"n8n-nodes-base.mySql","nodeName":"Execute a SQL query","nodeId":"026d25bd-d2ba-45c1-8bb4-c22bf8c09b70"}}
{"__type":"$$EventMessageConfirm","confirm":"83b5a93f-47dd-499b-9c5d-bfcd9cd07a36","ts":"2026-02-23T13:55:45.178-05:00","source":{"id":"0","name":"eventBus"}}
{"__type":"$$EventMessageNode","id":"d66d5cf0-4078-43e2-8b92-e924255a8ef9","ts":"2026-02-23T13:55:45.179-05:00","eventName":"n8n.node.started","message":"n8n.node.started","payload":{"workflowId":"MjT4bRggnLGesdcowt-s_","workflowName":"My workflow","executionId":"6","nodeType":"n8n-nodes-base.httpRequest","nodeName":"HTTP Request","nodeId":"ee491763-322a-4783-9ad5-3c4c255ce5b8"}}
{"__type":"$$EventMessageConfirm","confirm":"d66d5cf0-4078-43e2-8b92-e924255a8ef9","ts":"2026-02-23T13:55:45.179-05:00","source":{"id":"0","name":"eventBus"}}
{"__type":"$$EventMessageNode","id":"7eee0e88-acb2-4df5-80a8-58b16144594e","ts":"2026-02-23T13:55:46.389-05:00","eventName":"n8n.node.finished","message":"n8n.node.finished","payload":{"workflowId":"MjT4bRggnLGesdcowt-s_","workflowName":"My workflow","executionId":"6","nodeType":"n8n-nodes-base.httpRequest","nodeName":"HTTP Request","nodeId":"ee491763-322a-4783-9ad5-3c4c255ce5b8"}}
{"__type":"$$EventMessageConfirm","confirm":"7eee0e88-acb2-4df5-80a8-58b16144594e","ts":"2026-02-23T13:55:46.389-05:00","source":{"id":"0","name":"eventBus"}}
{"__type":"$$EventMessageNode","id":"0a3c3d47-7961-4ba7-a3cb-1062b3a6fe0e","ts":"2026-02-23T13:55:46.390-05:00","eventName":"n8n.node.started","message":"n8n.node.started","payload":{"workflowId":"MjT4bRggnLGesdcowt-s_","workflowName":"My workflow","executionId":"6","nodeType":"n8n-nodes-base.merge","nodeName":"Merge","nodeId":"a51dd216-c76c-4490-be1e-12b36c38ef15"}}
{"__type":"$$EventMessageConfirm","confirm":"0a3c3d47-7961-4ba7-a3cb-1062b3a6fe0e","ts":"2026-02-23T13:55:46.390-05:00","source":{"id":"0","name":"eventBus"}}
{"__type":"$$EventMessageNode","id":"15c57af1-860d-4ef4-85d1-fde5af3b46a4","ts":"2026-02-23T13:55:46.391-05:00","eventName":"n8n.node.finished","message":"n8n.node.finished","payload":{"workflowId":"MjT4bRggnLGesdcowt-s_","workflowName":"My workflow","executionId":"6","nodeType":"n8n-nodes-base.merge","nodeName":"Merge","nodeId":"a51dd216-c76c-4490-be1e-12b36c38ef15"}}
{"__type":"$$EventMessageConfirm","confirm":"15c57af1-860d-4ef4-85d1-fde5af3b46a4","ts":"2026-02-23T13:55:46.391-05:00","source":{"id":"0","name":"eventBus"}}
{"__type":"$$EventMessageNode","id":"e11a6d68-51ef-4084-a3d5-1b36ac286101","ts":"2026-02-23T13:55:46.392-05:00","eventName":"n8n.node.started","message":"n8n.node.started","payload":{"workflowId":"MjT4bRggnLGesdcowt-s_","workflowName":"My workflow","executionId":"6","nodeType":"n8n-nodes-base.code","nodeName":"Code in JavaScript","nodeId":"a8c32391-d13c-4fd5-97fb-8fbc9225eeff"}}
{"__type":"$$EventMessageConfirm","confirm":"e11a6d68-51ef-4084-a3d5-1b36ac286101","ts":"2026-02-23T13:55:46.392-05:00","source":{"id":"0","name":"eventBus"}}
{"__type":"$$EventMessageRunner","id":"e57f3e66-95f3-41f2-87e4-dd6e0a88a481","ts":"2026-02-23T13:55:46.393-05:00","eventName":"n8n.runner.task.requested","message":"n8n.runner.task.requested","payload":{"taskId":"GZXXyzmS","nodeId":"a8c32391-d13c-4fd5-97fb-8fbc9225eeff","workflowId":"MjT4bRggnLGesdcowt-s_","executionId":"6"}}
{"__type":"$$EventMessageConfirm","confirm":"e57f3e66-95f3-41f2-87e4-dd6e0a88a481","ts":"2026-02-23T13:55:46.393-05:00","source":{"id":"0","name":"eventBus"}}
{"__type":"$$EventMessageRunner","id":"2868cfa2-203a-4bc8-9231-9f6b84a66a02","ts":"2026-02-23T13:55:46.400-05:00","eventName":"n8n.runner.response.received","message":"n8n.runner.response.received","payload":{"taskId":"GZXXyzmS","nodeId":"a8c32391-d13c-4fd5-97fb-8fbc9225eeff","workflowId":"MjT4bRggnLGesdcowt-s_","executionId":"6"}}
{"__type":"$$EventMessageConfirm","confirm":"2868cfa2-203a-4bc8-9231-9f6b84a66a02","ts":"2026-02-23T13:55:46.400-05:00","source":{"id":"0","name":"eventBus"}}
{"__type":"$$EventMessageNode","id":"f5d10899-0201-4818-95c0-d5728a088a45","ts":"2026-02-23T13:55:46.401-05:00","eventName":"n8n.node.finished","message":"n8n.node.finished","payload":{"workflowId":"MjT4bRggnLGesdcowt-s_","workflowName":"My workflow","executionId":"6","nodeType":"n8n-nodes-base.code","nodeName":"Code in JavaScript","nodeId":"a8c32391-d13c-4fd5-97fb-8fbc9225eeff"}}
{"__type":"$$EventMessageConfirm","confirm":"f5d10899-0201-4818-95c0-d5728a088a45","ts":"2026-02-23T13:55:46.401-05:00","source":{"id":"0","name":"eventBus"}}
{"__type":"$$EventMessageNode","id":"70518459-d21c-4e1b-b65d-a42b4ee1ca23","ts":"2026-02-23T13:55:46.401-05:00","eventName":"n8n.node.started","message":"n8n.node.started","payload":{"workflowId":"MjT4bRggnLGesdcowt-s_","workflowName":"My workflow","executionId":"6","nodeType":"n8n-nodes-base.httpRequest","nodeName":"Send Verification to Laravel","nodeId":"dabdab42-39b4-4f53-a76e-edf2e41760a9"}}
{"__type":"$$EventMessageConfirm","confirm":"70518459-d21c-4e1b-b65d-a42b4ee1ca23","ts":"2026-02-23T13:55:46.401-05:00","source":{"id":"0","name":"eventBus"}}
{"__type":"$$EventMessageNode","id":"f9b78911-75a7-461f-84f4-32395a77476d","ts":"2026-02-23T13:55:46.469-05:00","eventName":"n8n.node.finished","message":"n8n.node.finished","payload":{"workflowId":"MjT4bRggnLGesdcowt-s_","workflowName":"My workflow","executionId":"6","nodeType":"n8n-nodes-base.httpRequest","nodeName":"Send Verification to Laravel","nodeId":"dabdab42-39b4-4f53-a76e-edf2e41760a9"}}
{"__type":"$$EventMessageConfirm","confirm":"f9b78911-75a7-461f-84f4-32395a77476d","ts":"2026-02-23T13:55:46.469-05:00","source":{"id":"0","name":"eventBus"}}
{"__type":"$$EventMessageNode","id":"ba76aed1-ba97-46fa-bc5f-3f236dba01f2","ts":"2026-02-23T13:55:46.469-05:00","eventName":"n8n.node.started","message":"n8n.node.started","payload":{"workflowId":"MjT4bRggnLGesdcowt-s_","workflowName":"My workflow","executionId":"6","nodeType":"n8n-nodes-base.httpRequest","nodeName":"HTTP Request1","nodeId":"5857e256-4e97-43a7-bf41-69416445a68f"}}
{"__type":"$$EventMessageConfirm","confirm":"ba76aed1-ba97-46fa-bc5f-3f236dba01f2","ts":"2026-02-23T13:55:46.469-05:00","source":{"id":"0","name":"eventBus"}}
{"__type":"$$EventMessageNode","id":"abd36460-4fbe-4fd2-b0a6-46166db57a46","ts":"2026-02-23T13:55:46.556-05:00","eventName":"n8n.node.finished","message":"n8n.node.finished","payload":{"workflowId":"MjT4bRggnLGesdcowt-s_","workflowName":"My workflow","executionId":"6","nodeType":"n8n-nodes-base.httpRequest","nodeName":"HTTP Request1","nodeId":"5857e256-4e97-43a7-bf41-69416445a68f"}}
{"__type":"$$EventMessageConfirm","confirm":"abd36460-4fbe-4fd2-b0a6-46166db57a46","ts":"2026-02-23T13:55:46.556-05:00","source":{"id":"0","name":"eventBus"}}
{"__type":"$$EventMessageWorkflow","id":"988c2b7b-6d07-446b-b033-9237d1ec541e","ts":"2026-02-23T13:55:46.556-05:00","eventName":"n8n.workflow.failed","message":"n8n.workflow.failed","payload":{"executionId":"6","success":false,"isManual":false,"workflowId":"MjT4bRggnLGesdcowt-s_","workflowName":"My workflow","lastNodeExecuted":"HTTP Request1","errorNodeType":"n8n-nodes-base.httpRequest","errorMessage":"The service was not able to process your request"}}
{"__type":"$$EventMessageConfirm","confirm":"988c2b7b-6d07-446b-b033-9237d1ec541e","ts":"2026-02-23T13:55:46.556-05:00","source":{"id":"0","name":"eventBus"}}
{"__type":"$$EventMessageAudit","id":"10b9745d-8f25-470d-8b9f-a42884d23cb2","ts":"2026-02-23T13:58:43.584-05:00","eventName":"n8n.audit.workflow.updated","message":"n8n.audit.workflow.updated","payload":{"userId":"33066ec7-54fa-4e1d-9f36-ce006e0dc3d9","_email":"muhammadthifaaldzaki@gmail.com","_firstName":"Muhammad","_lastName":"Dzaki","globalRole":"global:owner","workflowId":"MjT4bRggnLGesdcowt-s_","workflowName":"My workflow"}}
{"__type":"$$EventMessageConfirm","confirm":"10b9745d-8f25-470d-8b9f-a42884d23cb2","ts":"2026-02-23T13:58:43.584-05:00","source":{"id":"0","name":"eventBus"}}
{"__type":"$$EventMessageAudit","id":"08a7ac09-da5e-4b6f-9318-03f9c56096ef","ts":"2026-02-23T13:58:43.661-05:00","eventName":"n8n.audit.workflow.updated","message":"n8n.audit.workflow.updated","payload":{"userId":"33066ec7-54fa-4e1d-9f36-ce006e0dc3d9","_email":"muhammadthifaaldzaki@gmail.com","_firstName":"Muhammad","_lastName":"Dzaki","globalRole":"global:owner","workflowId":"MjT4bRggnLGesdcowt-s_","workflowName":"My workflow"}}
{"__type":"$$EventMessageConfirm","confirm":"08a7ac09-da5e-4b6f-9318-03f9c56096ef","ts":"2026-02-23T13:58:43.661-05:00","source":{"id":"0","name":"eventBus"}}
{"__type":"$$EventMessageAudit","id":"0018835c-adbf-4a32-a28e-5b83420398ed","ts":"2026-02-23T13:59:46.344-05:00","eventName":"n8n.audit.workflow.updated","message":"n8n.audit.workflow.updated","payload":{"userId":"33066ec7-54fa-4e1d-9f36-ce006e0dc3d9","_email":"muhammadthifaaldzaki@gmail.com","_firstName":"Muhammad","_lastName":"Dzaki","globalRole":"global:owner","workflowId":"MjT4bRggnLGesdcowt-s_","workflowName":"My workflow"}}
{"__type":"$$EventMessageConfirm","confirm":"0018835c-adbf-4a32-a28e-5b83420398ed","ts":"2026-02-23T13:59:46.344-05:00","source":{"id":"0","name":"eventBus"}}
{"__type":"$$EventMessageAudit","id":"2bee3cf6-711f-44f9-98eb-7055ec8e0159","ts":"2026-02-23T13:59:49.454-05:00","eventName":"n8n.audit.workflow.activated","message":"n8n.audit.workflow.activated","payload":{"userId":"33066ec7-54fa-4e1d-9f36-ce006e0dc3d9","_email":"muhammadthifaaldzaki@gmail.com","_firstName":"Muhammad","_lastName":"Dzaki","globalRole":"global:owner","workflowId":"MjT4bRggnLGesdcowt-s_","workflowName":"My workflow","activeVersionId":"414c51ab-217f-40e0-a2db-3bcdb35e7108"}}
{"__type":"$$EventMessageConfirm","confirm":"2bee3cf6-711f-44f9-98eb-7055ec8e0159","ts":"2026-02-23T13:59:49.454-05:00","source":{"id":"0","name":"eventBus"}}
{"__type":"$$EventMessageWorkflow","id":"5e54776e-8fd2-423c-a75a-64379856b420","ts":"2026-02-23T14:00:10.537-05:00","eventName":"n8n.workflow.started","message":"n8n.workflow.started","payload":{"executionId":"7","workflowId":"MjT4bRggnLGesdcowt-s_","isManual":false,"workflowName":"My workflow"}}
{"__type":"$$EventMessageConfirm","confirm":"5e54776e-8fd2-423c-a75a-64379856b420","ts":"2026-02-23T14:00:10.537-05:00","source":{"id":"0","name":"eventBus"}}
{"__type":"$$EventMessageNode","id":"7cd65e70-1d6d-49aa-aba7-f3af979662cd","ts":"2026-02-23T14:00:10.537-05:00","eventName":"n8n.node.started","message":"n8n.node.started","payload":{"workflowId":"MjT4bRggnLGesdcowt-s_","workflowName":"My workflow","executionId":"7","nodeType":"n8n-nodes-base.webhook","nodeName":"Webhook","nodeId":"1f78c74c-c3e7-47ca-9d6a-32858937a609"}}
{"__type":"$$EventMessageConfirm","confirm":"7cd65e70-1d6d-49aa-aba7-f3af979662cd","ts":"2026-02-23T14:00:10.537-05:00","source":{"id":"0","name":"eventBus"}}
{"__type":"$$EventMessageNode","id":"65ee733e-f2a2-494f-a722-27f82f221c14","ts":"2026-02-23T14:00:10.538-05:00","eventName":"n8n.node.finished","message":"n8n.node.finished","payload":{"workflowId":"MjT4bRggnLGesdcowt-s_","workflowName":"My workflow","executionId":"7","nodeType":"n8n-nodes-base.webhook","nodeName":"Webhook","nodeId":"1f78c74c-c3e7-47ca-9d6a-32858937a609"}}
{"__type":"$$EventMessageConfirm","confirm":"65ee733e-f2a2-494f-a722-27f82f221c14","ts":"2026-02-23T14:00:10.538-05:00","source":{"id":"0","name":"eventBus"}}
{"__type":"$$EventMessageNode","id":"6c240eb4-9ec5-421a-ad97-052495aee8b7","ts":"2026-02-23T14:00:10.538-05:00","eventName":"n8n.node.started","message":"n8n.node.started","payload":{"workflowId":"MjT4bRggnLGesdcowt-s_","workflowName":"My workflow","executionId":"7","nodeType":"n8n-nodes-base.readWriteFile","nodeName":"Read/Write Files from Disk","nodeId":"733bd81f-ad22-43a1-9226-08283772a719"}}
{"__type":"$$EventMessageConfirm","confirm":"6c240eb4-9ec5-421a-ad97-052495aee8b7","ts":"2026-02-23T14:00:10.538-05:00","source":{"id":"0","name":"eventBus"}}
{"__type":"$$EventMessageNode","id":"3f97b553-20f5-46f5-9dc0-367bd6b7c4f1","ts":"2026-02-23T14:00:10.542-05:00","eventName":"n8n.node.finished","message":"n8n.node.finished","payload":{"workflowId":"MjT4bRggnLGesdcowt-s_","workflowName":"My workflow","executionId":"7","nodeType":"n8n-nodes-base.readWriteFile","nodeName":"Read/Write Files from Disk","nodeId":"733bd81f-ad22-43a1-9226-08283772a719"}}
{"__type":"$$EventMessageConfirm","confirm":"3f97b553-20f5-46f5-9dc0-367bd6b7c4f1","ts":"2026-02-23T14:00:10.543-05:00","source":{"id":"0","name":"eventBus"}}
{"__type":"$$EventMessageNode","id":"5edbd4a5-61a7-4149-91de-8179caee034a","ts":"2026-02-23T14:00:10.543-05:00","eventName":"n8n.node.started","message":"n8n.node.started","payload":{"workflowId":"MjT4bRggnLGesdcowt-s_","workflowName":"My workflow","executionId":"7","nodeType":"n8n-nodes-base.set","nodeName":"Edit Fields","nodeId":"14d96438-6d0c-4f8e-86e1-83b0a92959b6"}}
{"__type":"$$EventMessageConfirm","confirm":"5edbd4a5-61a7-4149-91de-8179caee034a","ts":"2026-02-23T14:00:10.543-05:00","source":{"id":"0","name":"eventBus"}}
{"__type":"$$EventMessageNode","id":"12c7b1ad-2d6d-42e2-939f-0b807b2a83b9","ts":"2026-02-23T14:00:10.546-05:00","eventName":"n8n.node.finished","message":"n8n.node.finished","payload":{"workflowId":"MjT4bRggnLGesdcowt-s_","workflowName":"My workflow","executionId":"7","nodeType":"n8n-nodes-base.set","nodeName":"Edit Fields","nodeId":"14d96438-6d0c-4f8e-86e1-83b0a92959b6"}}
{"__type":"$$EventMessageConfirm","confirm":"12c7b1ad-2d6d-42e2-939f-0b807b2a83b9","ts":"2026-02-23T14:00:10.546-05:00","source":{"id":"0","name":"eventBus"}}
{"__type":"$$EventMessageNode","id":"2dcc244f-19bd-4300-b7a1-f7e8716eacea","ts":"2026-02-23T14:00:10.546-05:00","eventName":"n8n.node.started","message":"n8n.node.started","payload":{"workflowId":"MjT4bRggnLGesdcowt-s_","workflowName":"My workflow","executionId":"7","nodeType":"n8n-nodes-base.mySql","nodeName":"Execute a SQL query","nodeId":"026d25bd-d2ba-45c1-8bb4-c22bf8c09b70"}}
{"__type":"$$EventMessageConfirm","confirm":"2dcc244f-19bd-4300-b7a1-f7e8716eacea","ts":"2026-02-23T14:00:10.546-05:00","source":{"id":"0","name":"eventBus"}}
{"__type":"$$EventMessageNode","id":"aa925f33-9603-41d9-b85a-857028cb7277","ts":"2026-02-23T14:00:10.557-05:00","eventName":"n8n.node.finished","message":"n8n.node.finished","payload":{"workflowId":"MjT4bRggnLGesdcowt-s_","workflowName":"My workflow","executionId":"7","nodeType":"n8n-nodes-base.mySql","nodeName":"Execute a SQL query","nodeId":"026d25bd-d2ba-45c1-8bb4-c22bf8c09b70"}}
{"__type":"$$EventMessageConfirm","confirm":"aa925f33-9603-41d9-b85a-857028cb7277","ts":"2026-02-23T14:00:10.557-05:00","source":{"id":"0","name":"eventBus"}}
{"__type":"$$EventMessageNode","id":"bb293bbc-5ccb-47d0-b908-86a001d570dd","ts":"2026-02-23T14:00:10.558-05:00","eventName":"n8n.node.started","message":"n8n.node.started","payload":{"workflowId":"MjT4bRggnLGesdcowt-s_","workflowName":"My workflow","executionId":"7","nodeType":"n8n-nodes-base.httpRequest","nodeName":"HTTP Request","nodeId":"ee491763-322a-4783-9ad5-3c4c255ce5b8"}}
{"__type":"$$EventMessageConfirm","confirm":"bb293bbc-5ccb-47d0-b908-86a001d570dd","ts":"2026-02-23T14:00:10.558-05:00","source":{"id":"0","name":"eventBus"}}
{"__type":"$$EventMessageNode","id":"edfeeb50-f06d-4339-95b7-e1c4699fc784","ts":"2026-02-23T14:00:11.836-05:00","eventName":"n8n.node.finished","message":"n8n.node.finished","payload":{"workflowId":"MjT4bRggnLGesdcowt-s_","workflowName":"My workflow","executionId":"7","nodeType":"n8n-nodes-base.httpRequest","nodeName":"HTTP Request","nodeId":"ee491763-322a-4783-9ad5-3c4c255ce5b8"}}
{"__type":"$$EventMessageConfirm","confirm":"edfeeb50-f06d-4339-95b7-e1c4699fc784","ts":"2026-02-23T14:00:11.836-05:00","source":{"id":"0","name":"eventBus"}}
{"__type":"$$EventMessageNode","id":"5ab10756-b0c6-4f92-be6e-33156f128b6f","ts":"2026-02-23T14:00:11.836-05:00","eventName":"n8n.node.started","message":"n8n.node.started","payload":{"workflowId":"MjT4bRggnLGesdcowt-s_","workflowName":"My workflow","executionId":"7","nodeType":"n8n-nodes-base.merge","nodeName":"Merge","nodeId":"a51dd216-c76c-4490-be1e-12b36c38ef15"}}
{"__type":"$$EventMessageConfirm","confirm":"5ab10756-b0c6-4f92-be6e-33156f128b6f","ts":"2026-02-23T14:00:11.836-05:00","source":{"id":"0","name":"eventBus"}}
{"__type":"$$EventMessageNode","id":"5101babd-8c85-4401-b78b-099e0d0208f5","ts":"2026-02-23T14:00:11.839-05:00","eventName":"n8n.node.finished","message":"n8n.node.finished","payload":{"workflowId":"MjT4bRggnLGesdcowt-s_","workflowName":"My workflow","executionId":"7","nodeType":"n8n-nodes-base.merge","nodeName":"Merge","nodeId":"a51dd216-c76c-4490-be1e-12b36c38ef15"}}
{"__type":"$$EventMessageConfirm","confirm":"5101babd-8c85-4401-b78b-099e0d0208f5","ts":"2026-02-23T14:00:11.839-05:00","source":{"id":"0","name":"eventBus"}}
{"__type":"$$EventMessageNode","id":"d1a6d6e2-b843-4d12-b17f-8a19f8ad29be","ts":"2026-02-23T14:00:11.839-05:00","eventName":"n8n.node.started","message":"n8n.node.started","payload":{"workflowId":"MjT4bRggnLGesdcowt-s_","workflowName":"My workflow","executionId":"7","nodeType":"n8n-nodes-base.code","nodeName":"Code in JavaScript","nodeId":"a8c32391-d13c-4fd5-97fb-8fbc9225eeff"}}
{"__type":"$$EventMessageConfirm","confirm":"d1a6d6e2-b843-4d12-b17f-8a19f8ad29be","ts":"2026-02-23T14:00:11.839-05:00","source":{"id":"0","name":"eventBus"}}
{"__type":"$$EventMessageRunner","id":"0efd6b9f-5943-4b7f-853c-e8417264de9b","ts":"2026-02-23T14:00:11.841-05:00","eventName":"n8n.runner.task.requested","message":"n8n.runner.task.requested","payload":{"taskId":"taVpNMHQ","nodeId":"a8c32391-d13c-4fd5-97fb-8fbc9225eeff","workflowId":"MjT4bRggnLGesdcowt-s_","executionId":"7"}}
{"__type":"$$EventMessageConfirm","confirm":"0efd6b9f-5943-4b7f-853c-e8417264de9b","ts":"2026-02-23T14:00:11.841-05:00","source":{"id":"0","name":"eventBus"}}
{"__type":"$$EventMessageRunner","id":"328d08ea-e70d-45c4-8755-948534e63d76","ts":"2026-02-23T14:00:11.854-05:00","eventName":"n8n.runner.response.received","message":"n8n.runner.response.received","payload":{"taskId":"taVpNMHQ","nodeId":"a8c32391-d13c-4fd5-97fb-8fbc9225eeff","workflowId":"MjT4bRggnLGesdcowt-s_","executionId":"7"}}
{"__type":"$$EventMessageConfirm","confirm":"328d08ea-e70d-45c4-8755-948534e63d76","ts":"2026-02-23T14:00:11.855-05:00","source":{"id":"0","name":"eventBus"}}
{"__type":"$$EventMessageNode","id":"3b2bfb23-300d-4d8b-891c-7844a90b2f2d","ts":"2026-02-23T14:00:11.855-05:00","eventName":"n8n.node.finished","message":"n8n.node.finished","payload":{"workflowId":"MjT4bRggnLGesdcowt-s_","workflowName":"My workflow","executionId":"7","nodeType":"n8n-nodes-base.code","nodeName":"Code in JavaScript","nodeId":"a8c32391-d13c-4fd5-97fb-8fbc9225eeff"}}
{"__type":"$$EventMessageConfirm","confirm":"3b2bfb23-300d-4d8b-891c-7844a90b2f2d","ts":"2026-02-23T14:00:11.855-05:00","source":{"id":"0","name":"eventBus"}}
{"__type":"$$EventMessageNode","id":"3243f0b4-9f09-4ab5-a423-66bd6cb9edf5","ts":"2026-02-23T14:00:11.856-05:00","eventName":"n8n.node.started","message":"n8n.node.started","payload":{"workflowId":"MjT4bRggnLGesdcowt-s_","workflowName":"My workflow","executionId":"7","nodeType":"n8n-nodes-base.httpRequest","nodeName":"Send Verification to Laravel","nodeId":"dabdab42-39b4-4f53-a76e-edf2e41760a9"}}
{"__type":"$$EventMessageConfirm","confirm":"3243f0b4-9f09-4ab5-a423-66bd6cb9edf5","ts":"2026-02-23T14:00:11.856-05:00","source":{"id":"0","name":"eventBus"}}
{"__type":"$$EventMessageNode","id":"f8ba8ada-705a-4a83-a81d-0a40abbded35","ts":"2026-02-23T14:00:11.935-05:00","eventName":"n8n.node.finished","message":"n8n.node.finished","payload":{"workflowId":"MjT4bRggnLGesdcowt-s_","workflowName":"My workflow","executionId":"7","nodeType":"n8n-nodes-base.httpRequest","nodeName":"Send Verification to Laravel","nodeId":"dabdab42-39b4-4f53-a76e-edf2e41760a9"}}
{"__type":"$$EventMessageConfirm","confirm":"f8ba8ada-705a-4a83-a81d-0a40abbded35","ts":"2026-02-23T14:00:11.936-05:00","source":{"id":"0","name":"eventBus"}}
{"__type":"$$EventMessageWorkflow","id":"be9ab6d4-5880-487a-b7cb-d6c4746beaab","ts":"2026-02-23T14:00:11.936-05:00","eventName":"n8n.workflow.success","message":"n8n.workflow.success","payload":{"executionId":"7","success":true,"isManual":false,"workflowId":"MjT4bRggnLGesdcowt-s_","workflowName":"My workflow"}}
{"__type":"$$EventMessageConfirm","confirm":"be9ab6d4-5880-487a-b7cb-d6c4746beaab","ts":"2026-02-23T14:00:11.936-05:00","source":{"id":"0","name":"eventBus"}}
