{"__type":"$$EventMessageWorkflow","id":"27ee9ef5-9a1a-41fa-9316-c20ab91b9ed8","ts":"2026-02-23T14:05:07.205-05:00","eventName":"n8n.workflow.started","message":"n8n.workflow.started","payload":{"executionId":"8","workflowId":"MjT4bRggnLGesdcowt-s_","isManual":false,"workflowName":"My workflow"}}
{"__type":"$$EventMessageConfirm","confirm":"27ee9ef5-9a1a-41fa-9316-c20ab91b9ed8","ts":"2026-02-23T14:05:07.206-05:00","source":{"id":"0","name":"eventBus"}}
{"__type":"$$EventMessageNode","id":"e8778b36-3462-48a4-bfaa-59d8167c33dc","ts":"2026-02-23T14:05:07.207-05:00","eventName":"n8n.node.started","message":"n8n.node.started","payload":{"workflowId":"MjT4bRggnLGesdcowt-s_","workflowName":"My workflow","executionId":"8","nodeType":"n8n-nodes-base.webhook","nodeName":"Webhook","nodeId":"1f78c74c-c3e7-47ca-9d6a-32858937a609"}}
{"__type":"$$EventMessageConfirm","confirm":"e8778b36-3462-48a4-bfaa-59d8167c33dc","ts":"2026-02-23T14:05:07.207-05:00","source":{"id":"0","name":"eventBus"}}
{"__type":"$$EventMessageNode","id":"6e5bee23-9257-49bf-98fd-a3c51f921cda","ts":"2026-02-23T14:05:07.208-05:00","eventName":"n8n.node.finished","message":"n8n.node.finished","payload":{"workflowId":"MjT4bRggnLGesdcowt-s_","workflowName":"My workflow","executionId":"8","nodeType":"n8n-nodes-base.webhook","nodeName":"Webhook","nodeId":"1f78c74c-c3e7-47ca-9d6a-32858937a609"}}
{"__type":"$$EventMessageConfirm","confirm":"6e5bee23-9257-49bf-98fd-a3c51f921cda","ts":"2026-02-23T14:05:07.208-05:00","source":{"id":"0","name":"eventBus"}}
{"__type":"$$EventMessageNode","id":"ce72d3f2-b54b-4fdd-b4b9-829ba7d23db6","ts":"2026-02-23T14:05:07.209-05:00","eventName":"n8n.node.started","message":"n8n.node.started","payload":{"workflowId":"MjT4bRggnLGesdcowt-s_","workflowName":"My workflow","executionId":"8","nodeType":"n8n-nodes-base.readWriteFile","nodeName":"Read/Write Files from Disk","nodeId":"733bd81f-ad22-43a1-9226-08283772a719"}}
{"__type":"$$EventMessageConfirm","confirm":"ce72d3f2-b54b-4fdd-b4b9-829ba7d23db6","ts":"2026-02-23T14:05:07.209-05:00","source":{"id":"0","name":"eventBus"}}
{"__type":"$$EventMessageNode","id":"b980d7e9-16b9-4548-bc11-eaf41c80bfe2","ts":"2026-02-23T14:05:07.217-05:00","eventName":"n8n.node.finished","message":"n8n.node.finished","payload":{"workflowId":"MjT4bRggnLGesdcowt-s_","workflowName":"My workflow","executionId":"8","nodeType":"n8n-nodes-base.readWriteFile","nodeName":"Read/Write Files from Disk","nodeId":"733bd81f-ad22-43a1-9226-08283772a719"}}
{"__type":"$$EventMessageConfirm","confirm":"b980d7e9-16b9-4548-bc11-eaf41c80bfe2","ts":"2026-02-23T14:05:07.217-05:00","source":{"id":"0","name":"eventBus"}}
{"__type":"$$EventMessageNode","id":"14e25b42-7123-4d83-950b-8777681a062a","ts":"2026-02-23T14:05:07.217-05:00","eventName":"n8n.node.started","message":"n8n.node.started","payload":{"workflowId":"MjT4bRggnLGesdcowt-s_","workflowName":"My workflow","executionId":"8","nodeType":"n8n-nodes-base.set","nodeName":"Edit Fields","nodeId":"14d96438-6d0c-4f8e-86e1-83b0a92959b6"}}
{"__type":"$$EventMessageConfirm","confirm":"14e25b42-7123-4d83-950b-8777681a062a","ts":"2026-02-23T14:05:07.217-05:00","source":{"id":"0","name":"eventBus"}}
{"__type":"$$EventMessageNode","id":"e00ff4be-bd89-4661-b5b7-086599026a0f","ts":"2026-02-23T14:05:07.240-05:00","eventName":"n8n.node.finished","message":"n8n.node.finished","payload":{"workflowId":"MjT4bRggnLGesdcowt-s_","workflowName":"My workflow","executionId":"8","nodeType":"n8n-nodes-base.set","nodeName":"Edit Fields","nodeId":"14d96438-6d0c-4f8e-86e1-83b0a92959b6"}}
{"__type":"$$EventMessageConfirm","confirm":"e00ff4be-bd89-4661-b5b7-086599026a0f","ts":"2026-02-23T14:05:07.240-05:00","source":{"id":"0","name":"eventBus"}}
{"__type":"$$EventMessageNode","id":"7e44f5ef-116e-49af-9d7b-5ad157040fd8","ts":"2026-02-23T14:05:07.240-05:00","eventName":"n8n.node.started","message":"n8n.node.started","payload":{"workflowId":"MjT4bRggnLGesdcowt-s_","workflowName":"My workflow","executionId":"8","nodeType":"n8n-nodes-base.mySql","nodeName":"Execute a SQL query","nodeId":"026d25bd-d2ba-45c1-8bb4-c22bf8c09b70"}}
{"__type":"$$EventMessageConfirm","confirm":"7e44f5ef-116e-49af-9d7b-5ad157040fd8","ts":"2026-02-23T14:05:07.240-05:00","source":{"id":"0","name":"eventBus"}}
{"__type":"$$EventMessageNode","id":"7ffbf5d8-5e60-4879-92bc-fbf906138ea1","ts":"2026-02-23T14:05:07.310-05:00","eventName":"n8n.node.finished","message":"n8n.node.finished","payload":{"workflowId":"MjT4bRggnLGesdcowt-s_","workflowName":"My workflow","executionId":"8","nodeType":"n8n-nodes-base.mySql","nodeName":"Execute a SQL query","nodeId":"026d25bd-d2ba-45c1-8bb4-c22bf8c09b70"}}
{"__type":"$$EventMessageConfirm","confirm":"7ffbf5d8-5e60-4879-92bc-fbf906138ea1","ts":"2026-02-23T14:05:07.310-05:00","source":{"id":"0","name":"eventBus"}}
{"__type":"$$EventMessageNode","id":"8645371c-de7a-45d4-b7dd-eb17e4c0f9a2","ts":"2026-02-23T14:05:07.311-05:00","eventName":"n8n.node.started","message":"n8n.node.started","payload":{"workflowId":"MjT4bRggnLGesdcowt-s_","workflowName":"My workflow","executionId":"8","nodeType":"n8n-nodes-base.httpRequest","nodeName":"HTTP Request","nodeId":"ee491763-322a-4783-9ad5-3c4c255ce5b8"}}
{"__type":"$$EventMessageConfirm","confirm":"8645371c-de7a-45d4-b7dd-eb17e4c0f9a2","ts":"2026-02-23T14:05:07.311-05:00","source":{"id":"0","name":"eventBus"}}
{"__type":"$$EventMessageNode","id":"54525e68-c74a-4c3c-bed0-c296534bba95","ts":"2026-02-23T14:05:08.903-05:00","eventName":"n8n.node.finished","message":"n8n.node.finished","payload":{"workflowId":"MjT4bRggnLGesdcowt-s_","workflowName":"My workflow","executionId":"8","nodeType":"n8n-nodes-base.httpRequest","nodeName":"HTTP Request","nodeId":"ee491763-322a-4783-9ad5-3c4c255ce5b8"}}
{"__type":"$$EventMessageConfirm","confirm":"54525e68-c74a-4c3c-bed0-c296534bba95","ts":"2026-02-23T14:05:08.904-05:00","source":{"id":"0","name":"eventBus"}}
{"__type":"$$EventMessageNode","id":"3f2e62c0-a7a8-4729-88bd-3787c51b9fbb","ts":"2026-02-23T14:05:08.904-05:00","eventName":"n8n.node.started","message":"n8n.node.started","payload":{"workflowId":"MjT4bRggnLGesdcowt-s_","workflowName":"My workflow","executionId":"8","nodeType":"n8n-nodes-base.merge","nodeName":"Merge","nodeId":"a51dd216-c76c-4490-be1e-12b36c38ef15"}}
{"__type":"$$EventMessageConfirm","confirm":"3f2e62c0-a7a8-4729-88bd-3787c51b9fbb","ts":"2026-02-23T14:05:08.904-05:00","source":{"id":"0","name":"eventBus"}}
{"__type":"$$EventMessageNode","id":"d1ffaaad-fb6c-4fe5-ba94-33d8b771a0f6","ts":"2026-02-23T14:05:08.924-05:00","eventName":"n8n.node.finished","message":"n8n.node.finished","payload":{"workflowId":"MjT4bRggnLGesdcowt-s_","workflowName":"My workflow","executionId":"8","nodeType":"n8n-nodes-base.merge","nodeName":"Merge","nodeId":"a51dd216-c76c-4490-be1e-12b36c38ef15"}}
{"__type":"$$EventMessageConfirm","confirm":"d1ffaaad-fb6c-4fe5-ba94-33d8b771a0f6","ts":"2026-02-23T14:05:08.924-05:00","source":{"id":"0","name":"eventBus"}}
{"__type":"$$EventMessageNode","id":"777bad19-930f-4f36-8eda-843f9d0b1ef3","ts":"2026-02-23T14:05:08.924-05:00","eventName":"n8n.node.started","message":"n8n.node.started","payload":{"workflowId":"MjT4bRggnLGesdcowt-s_","workflowName":"My workflow","executionId":"8","nodeType":"n8n-nodes-base.code","nodeName":"Code in JavaScript","nodeId":"a8c32391-d13c-4fd5-97fb-8fbc9225eeff"}}
{"__type":"$$EventMessageConfirm","confirm":"777bad19-930f-4f36-8eda-843f9d0b1ef3","ts":"2026-02-23T14:05:08.924-05:00","source":{"id":"0","name":"eventBus"}}
{"__type":"$$EventMessageRunner","id":"46255f0d-e27a-413c-a284-4d574937df46","ts":"2026-02-23T14:05:08.929-05:00","eventName":"n8n.runner.task.requested","message":"n8n.runner.task.requested","payload":{"taskId":"QhQwa-7y","nodeId":"a8c32391-d13c-4fd5-97fb-8fbc9225eeff","workflowId":"MjT4bRggnLGesdcowt-s_","executionId":"8"}}
{"__type":"$$EventMessageConfirm","confirm":"46255f0d-e27a-413c-a284-4d574937df46","ts":"2026-02-23T14:05:08.929-05:00","source":{"id":"0","name":"eventBus"}}
{"__type":"$$EventMessageRunner","id":"44275a19-9d7a-44c9-9826-9cafcf443037","ts":"2026-02-23T14:05:08.993-05:00","eventName":"n8n.runner.response.received","message":"n8n.runner.response.received","payload":{"taskId":"QhQwa-7y","nodeId":"a8c32391-d13c-4fd5-97fb-8fbc9225eeff","workflowId":"MjT4bRggnLGesdcowt-s_","executionId":"8"}}
{"__type":"$$EventMessageConfirm","confirm":"44275a19-9d7a-44c9-9826-9cafcf443037","ts":"2026-02-23T14:05:08.993-05:00","source":{"id":"0","name":"eventBus"}}
{"__type":"$$EventMessageNode","id":"f8344ad5-13e4-47c7-96c4-472d281a2497","ts":"2026-02-23T14:05:08.995-05:00","eventName":"n8n.node.finished","message":"n8n.node.finished","payload":{"workflowId":"MjT4bRggnLGesdcowt-s_","workflowName":"My workflow","executionId":"8","nodeType":"n8n-nodes-base.code","nodeName":"Code in JavaScript","nodeId":"a8c32391-d13c-4fd5-97fb-8fbc9225eeff"}}
{"__type":"$$EventMessageConfirm","confirm":"f8344ad5-13e4-47c7-96c4-472d281a2497","ts":"2026-02-23T14:05:08.995-05:00","source":{"id":"0","name":"eventBus"}}
{"__type":"$$EventMessageNode","id":"5a444db5-609e-450c-b81a-05876e45ffe6","ts":"2026-02-23T14:05:08.996-05:00","eventName":"n8n.node.started","message":"n8n.node.started","payload":{"workflowId":"MjT4bRggnLGesdcowt-s_","workflowName":"My workflow","executionId":"8","nodeType":"n8n-nodes-base.httpRequest","nodeName":"Send Verification to Laravel","nodeId":"dabdab42-39b4-4f53-a76e-edf2e41760a9"}}
{"__type":"$$EventMessageConfirm","confirm":"5a444db5-609e-450c-b81a-05876e45ffe6","ts":"2026-02-23T14:05:08.996-05:00","source":{"id":"0","name":"eventBus"}}
{"__type":"$$EventMessageNode","id":"ea3668d6-f3e8-4e66-ac83-32c0e59f3939","ts":"2026-02-23T14:05:09.166-05:00","eventName":"n8n.node.finished","message":"n8n.node.finished","payload":{"workflowId":"MjT4bRggnLGesdcowt-s_","workflowName":"My workflow","executionId":"8","nodeType":"n8n-nodes-base.httpRequest","nodeName":"Send Verification to Laravel","nodeId":"dabdab42-39b4-4f53-a76e-edf2e41760a9"}}
{"__type":"$$EventMessageConfirm","confirm":"ea3668d6-f3e8-4e66-ac83-32c0e59f3939","ts":"2026-02-23T14:05:09.167-05:00","source":{"id":"0","name":"eventBus"}}
{"__type":"$$EventMessageWorkflow","id":"c01c189c-773c-49a5-a80c-728206c5a18c","ts":"2026-02-23T14:05:09.168-05:00","eventName":"n8n.workflow.success","message":"n8n.workflow.success","payload":{"executionId":"8","success":true,"isManual":false,"workflowId":"MjT4bRggnLGesdcowt-s_","workflowName":"My workflow"}}
{"__type":"$$EventMessageConfirm","confirm":"c01c189c-773c-49a5-a80c-728206c5a18c","ts":"2026-02-23T14:05:09.168-05:00","source":{"id":"0","name":"eventBus"}}
{"__type":"$$EventMessageWorkflow","id":"7fb54252-60c6-4171-af6c-366cf7f0cca6","ts":"2026-02-23T14:06:11.802-05:00","eventName":"n8n.workflow.started","message":"n8n.workflow.started","payload":{"executionId":"9","workflowId":"MjT4bRggnLGesdcowt-s_","isManual":false,"workflowName":"My workflow"}}
{"__type":"$$EventMessageConfirm","confirm":"7fb54252-60c6-4171-af6c-366cf7f0cca6","ts":"2026-02-23T14:06:11.802-05:00","source":{"id":"0","name":"eventBus"}}
{"__type":"$$EventMessageNode","id":"823e747d-5891-446d-b5c0-6e2229026f6a","ts":"2026-02-23T14:06:11.803-05:00","eventName":"n8n.node.started","message":"n8n.node.started","payload":{"workflowId":"MjT4bRggnLGesdcowt-s_","workflowName":"My workflow","executionId":"9","nodeType":"n8n-nodes-base.webhook","nodeName":"Webhook","nodeId":"1f78c74c-c3e7-47ca-9d6a-32858937a609"}}
{"__type":"$$EventMessageConfirm","confirm":"823e747d-5891-446d-b5c0-6e2229026f6a","ts":"2026-02-23T14:06:11.803-05:00","source":{"id":"0","name":"eventBus"}}
{"__type":"$$EventMessageNode","id":"66a78136-ee2e-48ad-ba5f-a437b8035d3f","ts":"2026-02-23T14:06:11.806-05:00","eventName":"n8n.node.finished","message":"n8n.node.finished","payload":{"workflowId":"MjT4bRggnLGesdcowt-s_","workflowName":"My workflow","executionId":"9","nodeType":"n8n-nodes-base.webhook","nodeName":"Webhook","nodeId":"1f78c74c-c3e7-47ca-9d6a-32858937a609"}}
{"__type":"$$EventMessageConfirm","confirm":"66a78136-ee2e-48ad-ba5f-a437b8035d3f","ts":"2026-02-23T14:06:11.806-05:00","source":{"id":"0","name":"eventBus"}}
{"__type":"$$EventMessageNode","id":"35ba1696-3e5a-4ba4-9d2c-192268ba0b53","ts":"2026-02-23T14:06:11.807-05:00","eventName":"n8n.node.started","message":"n8n.node.started","payload":{"workflowId":"MjT4bRggnLGesdcowt-s_","workflowName":"My workflow","executionId":"9","nodeType":"n8n-nodes-base.readWriteFile","nodeName":"Read/Write Files from Disk","nodeId":"733bd81f-ad22-43a1-9226-08283772a719"}}
{"__type":"$$EventMessageConfirm","confirm":"35ba1696-3e5a-4ba4-9d2c-192268ba0b53","ts":"2026-02-23T14:06:11.807-05:00","source":{"id":"0","name":"eventBus"}}
{"__type":"$$EventMessageNode","id":"6aa651ef-7e3e-40ca-afec-3143e3dbb520","ts":"2026-02-23T14:06:11.811-05:00","eventName":"n8n.node.finished","message":"n8n.node.finished","payload":{"workflowId":"MjT4bRggnLGesdcowt-s_","workflowName":"My workflow","executionId":"9","nodeType":"n8n-nodes-base.readWriteFile","nodeName":"Read/Write Files from Disk","nodeId":"733bd81f-ad22-43a1-9226-08283772a719"}}
{"__type":"$$EventMessageConfirm","confirm":"6aa651ef-7e3e-40ca-afec-3143e3dbb520","ts":"2026-02-23T14:06:11.811-05:00","source":{"id":"0","name":"eventBus"}}
{"__type":"$$EventMessageNode","id":"d0c7a4f6-07e1-4a06-b2ab-402ba36577f2","ts":"2026-02-23T14:06:11.811-05:00","eventName":"n8n.node.started","message":"n8n.node.started","payload":{"workflowId":"MjT4bRggnLGesdcowt-s_","workflowName":"My workflow","executionId":"9","nodeType":"n8n-nodes-base.set","nodeName":"Edit Fields","nodeId":"14d96438-6d0c-4f8e-86e1-83b0a92959b6"}}
{"__type":"$$EventMessageConfirm","confirm":"d0c7a4f6-07e1-4a06-b2ab-402ba36577f2","ts":"2026-02-23T14:06:11.812-05:00","source":{"id":"0","name":"eventBus"}}
{"__type":"$$EventMessageNode","id":"efea2870-2a25-4ecb-82f4-c7481c25618b","ts":"2026-02-23T14:06:11.814-05:00","eventName":"n8n.node.finished","message":"n8n.node.finished","payload":{"workflowId":"MjT4bRggnLGesdcowt-s_","workflowName":"My workflow","executionId":"9","nodeType":"n8n-nodes-base.set","nodeName":"Edit Fields","nodeId":"14d96438-6d0c-4f8e-86e1-83b0a92959b6"}}
{"__type":"$$EventMessageConfirm","confirm":"efea2870-2a25-4ecb-82f4-c7481c25618b","ts":"2026-02-23T14:06:11.814-05:00","source":{"id":"0","name":"eventBus"}}
{"__type":"$$EventMessageNode","id":"cdd7b165-31dd-4660-a887-341faeb70634","ts":"2026-02-23T14:06:11.814-05:00","eventName":"n8n.node.started","message":"n8n.node.started","payload":{"workflowId":"MjT4bRggnLGesdcowt-s_","workflowName":"My workflow","executionId":"9","nodeType":"n8n-nodes-base.mySql","nodeName":"Execute a SQL query","nodeId":"026d25bd-d2ba-45c1-8bb4-c22bf8c09b70"}}
{"__type":"$$EventMessageConfirm","confirm":"cdd7b165-31dd-4660-a887-341faeb70634","ts":"2026-02-23T14:06:11.814-05:00","source":{"id":"0","name":"eventBus"}}
{"__type":"$$EventMessageNode","id":"8d1491cc-e3eb-4582-a035-51895764c454","ts":"2026-02-23T14:06:11.827-05:00","eventName":"n8n.node.finished","message":"n8n.node.finished","payload":{"workflowId":"MjT4bRggnLGesdcowt-s_","workflowName":"My workflow","executionId":"9","nodeType":"n8n-nodes-base.mySql","nodeName":"Execute a SQL query","nodeId":"026d25bd-d2ba-45c1-8bb4-c22bf8c09b70"}}
{"__type":"$$EventMessageConfirm","confirm":"8d1491cc-e3eb-4582-a035-51895764c454","ts":"2026-02-23T14:06:11.827-05:00","source":{"id":"0","name":"eventBus"}}
{"__type":"$$EventMessageNode","id":"51c6a9e5-5ba1-4f50-97b8-cdf58fa95675","ts":"2026-02-23T14:06:11.827-05:00","eventName":"n8n.node.started","message":"n8n.node.started","payload":{"workflowId":"MjT4bRggnLGesdcowt-s_","workflowName":"My workflow","executionId":"9","nodeType":"n8n-nodes-base.httpRequest","nodeName":"HTTP Request","nodeId":"ee491763-322a-4783-9ad5-3c4c255ce5b8"}}
{"__type":"$$EventMessageConfirm","confirm":"51c6a9e5-5ba1-4f50-97b8-cdf58fa95675","ts":"2026-02-23T14:06:11.827-05:00","source":{"id":"0","name":"eventBus"}}
{"__type":"$$EventMessageNode","id":"b79d01fc-d733-4d32-b43d-83e369214b61","ts":"2026-02-23T14:06:13.241-05:00","eventName":"n8n.node.finished","message":"n8n.node.finished","payload":{"workflowId":"MjT4bRggnLGesdcowt-s_","workflowName":"My workflow","executionId":"9","nodeType":"n8n-nodes-base.httpRequest","nodeName":"HTTP Request","nodeId":"ee491763-322a-4783-9ad5-3c4c255ce5b8"}}
{"__type":"$$EventMessageConfirm","confirm":"b79d01fc-d733-4d32-b43d-83e369214b61","ts":"2026-02-23T14:06:13.241-05:00","source":{"id":"0","name":"eventBus"}}
{"__type":"$$EventMessageNode","id":"20f4e24b-be30-4117-a8e5-95ae03530896","ts":"2026-02-23T14:06:13.241-05:00","eventName":"n8n.node.started","message":"n8n.node.started","payload":{"workflowId":"MjT4bRggnLGesdcowt-s_","workflowName":"My workflow","executionId":"9","nodeType":"n8n-nodes-base.merge","nodeName":"Merge","nodeId":"a51dd216-c76c-4490-be1e-12b36c38ef15"}}
{"__type":"$$EventMessageConfirm","confirm":"20f4e24b-be30-4117-a8e5-95ae03530896","ts":"2026-02-23T14:06:13.241-05:00","source":{"id":"0","name":"eventBus"}}
{"__type":"$$EventMessageNode","id":"936b51e2-acc5-4f61-9196-611c82ee8473","ts":"2026-02-23T14:06:13.244-05:00","eventName":"n8n.node.finished","message":"n8n.node.finished","payload":{"workflowId":"MjT4bRggnLGesdcowt-s_","workflowName":"My workflow","executionId":"9","nodeType":"n8n-nodes-base.merge","nodeName":"Merge","nodeId":"a51dd216-c76c-4490-be1e-12b36c38ef15"}}
{"__type":"$$EventMessageConfirm","confirm":"936b51e2-acc5-4f61-9196-611c82ee8473","ts":"2026-02-23T14:06:13.244-05:00","source":{"id":"0","name":"eventBus"}}
{"__type":"$$EventMessageNode","id":"2ebc2d59-5ebc-4fed-b3ed-203d58042634","ts":"2026-02-23T14:06:13.244-05:00","eventName":"n8n.node.started","message":"n8n.node.started","payload":{"workflowId":"MjT4bRggnLGesdcowt-s_","workflowName":"My workflow","executionId":"9","nodeType":"n8n-nodes-base.code","nodeName":"Code in JavaScript","nodeId":"a8c32391-d13c-4fd5-97fb-8fbc9225eeff"}}
{"__type":"$$EventMessageConfirm","confirm":"2ebc2d59-5ebc-4fed-b3ed-203d58042634","ts":"2026-02-23T14:06:13.245-05:00","source":{"id":"0","name":"eventBus"}}
{"__type":"$$EventMessageRunner","id":"628b5319-3e34-488d-bea0-3b020e145291","ts":"2026-02-23T14:06:13.249-05:00","eventName":"n8n.runner.task.requested","message":"n8n.runner.task.requested","payload":{"taskId":"m-lw5jWL","nodeId":"a8c32391-d13c-4fd5-97fb-8fbc9225eeff","workflowId":"MjT4bRggnLGesdcowt-s_","executionId":"9"}}
{"__type":"$$EventMessageConfirm","confirm":"628b5319-3e34-488d-bea0-3b020e145291","ts":"2026-02-23T14:06:13.249-05:00","source":{"id":"0","name":"eventBus"}}
{"__type":"$$EventMessageRunner","id":"6f10a181-28fb-4c05-8211-fdd74a93ae4a","ts":"2026-02-23T14:06:13.262-05:00","eventName":"n8n.runner.response.received","message":"n8n.runner.response.received","payload":{"taskId":"m-lw5jWL","nodeId":"a8c32391-d13c-4fd5-97fb-8fbc9225eeff","workflowId":"MjT4bRggnLGesdcowt-s_","executionId":"9"}}
{"__type":"$$EventMessageConfirm","confirm":"6f10a181-28fb-4c05-8211-fdd74a93ae4a","ts":"2026-02-23T14:06:13.263-05:00","source":{"id":"0","name":"eventBus"}}
{"__type":"$$EventMessageNode","id":"9127f3b9-2bdb-4404-a57c-1476a474e8fc","ts":"2026-02-23T14:06:13.263-05:00","eventName":"n8n.node.finished","message":"n8n.node.finished","payload":{"workflowId":"MjT4bRggnLGesdcowt-s_","workflowName":"My workflow","executionId":"9","nodeType":"n8n-nodes-base.code","nodeName":"Code in JavaScript","nodeId":"a8c32391-d13c-4fd5-97fb-8fbc9225eeff"}}
{"__type":"$$EventMessageConfirm","confirm":"9127f3b9-2bdb-4404-a57c-1476a474e8fc","ts":"2026-02-23T14:06:13.263-05:00","source":{"id":"0","name":"eventBus"}}
{"__type":"$$EventMessageNode","id":"e56864ac-0c41-4d60-933b-6efdd9096bde","ts":"2026-02-23T14:06:13.263-05:00","eventName":"n8n.node.started","message":"n8n.node.started","payload":{"workflowId":"MjT4bRggnLGesdcowt-s_","workflowName":"My workflow","executionId":"9","nodeType":"n8n-nodes-base.httpRequest","nodeName":"Send Verification to Laravel","nodeId":"dabdab42-39b4-4f53-a76e-edf2e41760a9"}}
{"__type":"$$EventMessageConfirm","confirm":"e56864ac-0c41-4d60-933b-6efdd9096bde","ts":"2026-02-23T14:06:13.263-05:00","source":{"id":"0","name":"eventBus"}}
{"__type":"$$EventMessageNode","id":"0a7f8ee4-b9df-4367-8309-f8670da28655","ts":"2026-02-23T14:06:13.359-05:00","eventName":"n8n.node.finished","message":"n8n.node.finished","payload":{"workflowId":"MjT4bRggnLGesdcowt-s_","workflowName":"My workflow","executionId":"9","nodeType":"n8n-nodes-base.httpRequest","nodeName":"Send Verification to Laravel","nodeId":"dabdab42-39b4-4f53-a76e-edf2e41760a9"}}
{"__type":"$$EventMessageConfirm","confirm":"0a7f8ee4-b9df-4367-8309-f8670da28655","ts":"2026-02-23T14:06:13.359-05:00","source":{"id":"0","name":"eventBus"}}
{"__type":"$$EventMessageWorkflow","id":"21242044-0212-4ddf-ae85-bdd44b46b35c","ts":"2026-02-23T14:06:13.360-05:00","eventName":"n8n.workflow.success","message":"n8n.workflow.success","payload":{"executionId":"9","success":true,"isManual":false,"workflowId":"MjT4bRggnLGesdcowt-s_","workflowName":"My workflow"}}
{"__type":"$$EventMessageConfirm","confirm":"21242044-0212-4ddf-ae85-bdd44b46b35c","ts":"2026-02-23T14:06:13.360-05:00","source":{"id":"0","name":"eventBus"}}
