{"__type":"$$EventMessageWorkflow","id":"b19a2762-ff55-4358-967f-fcaca96f9b3a","ts":"2026-02-23T13:35:41.165-05:00","eventName":"n8n.workflow.started","message":"n8n.workflow.started","payload":{"executionId":"1","workflowId":"MjT4bRggnLGesdcowt-s_","isManual":false,"workflowName":"My workflow"}}
{"__type":"$$EventMessageConfirm","confirm":"b19a2762-ff55-4358-967f-fcaca96f9b3a","ts":"2026-02-23T13:35:41.166-05:00","source":{"id":"0","name":"eventBus"}}
{"__type":"$$EventMessageNode","id":"fad33233-25a2-4ea2-be2a-701ce08f06d4","ts":"2026-02-23T13:35:41.167-05:00","eventName":"n8n.node.started","message":"n8n.node.started","payload":{"workflowId":"MjT4bRggnLGesdcowt-s_","workflowName":"My workflow","executionId":"1","nodeType":"n8n-nodes-base.webhook","nodeName":"Webhook","nodeId":"1f78c74c-c3e7-47ca-9d6a-32858937a609"}}
{"__type":"$$EventMessageConfirm","confirm":"fad33233-25a2-4ea2-be2a-701ce08f06d4","ts":"2026-02-23T13:35:41.167-05:00","source":{"id":"0","name":"eventBus"}}
{"__type":"$$EventMessageNode","id":"461fff37-c936-43c4-b4b7-bd1ca0f5ebba","ts":"2026-02-23T13:35:41.170-05:00","eventName":"n8n.node.finished","message":"n8n.node.finished","payload":{"workflowId":"MjT4bRggnLGesdcowt-s_","workflowName":"My workflow","executionId":"1","nodeType":"n8n-nodes-base.webhook","nodeName":"Webhook","nodeId":"1f78c74c-c3e7-47ca-9d6a-32858937a609"}}
{"__type":"$$EventMessageConfirm","confirm":"461fff37-c936-43c4-b4b7-bd1ca0f5ebba","ts":"2026-02-23T13:35:41.170-05:00","source":{"id":"0","name":"eventBus"}}
{"__type":"$$EventMessageNode","id":"39730d7c-27b9-4027-9214-420a6b1a23d9","ts":"2026-02-23T13:35:41.170-05:00","eventName":"n8n.node.started","message":"n8n.node.started","payload":{"workflowId":"MjT4bRggnLGesdcowt-s_","workflowName":"My workflow","executionId":"1","nodeType":"n8n-nodes-base.readWriteFile","nodeName":"Read/Write Files from Disk","nodeId":"733bd81f-ad22-43a1-9226-08283772a719"}}
{"__type":"$$EventMessageConfirm","confirm":"39730d7c-27b9-4027-9214-420a6b1a23d9","ts":"2026-02-23T13:35:41.171-05:00","source":{"id":"0","name":"eventBus"}}
{"__type":"$$EventMessageNode","id":"f147aec2-c8a7-4eb2-80a5-5a5341ce64e6","ts":"2026-02-23T13:35:41.188-05:00","eventName":"n8n.node.finished","message":"n8n.node.finished","payload":{"workflowId":"MjT4bRggnLGesdcowt-s_","workflowName":"My workflow","executionId":"1","nodeType":"n8n-nodes-base.readWriteFile","nodeName":"Read/Write Files from Disk","nodeId":"733bd81f-ad22-43a1-9226-08283772a719"}}
{"__type":"$$EventMessageConfirm","confirm":"f147aec2-c8a7-4eb2-80a5-5a5341ce64e6","ts":"2026-02-23T13:35:41.189-05:00","source":{"id":"0","name":"eventBus"}}
{"__type":"$$EventMessageNode","id":"e77fd5e8-3e81-45e5-a7fb-51028b4c58a1","ts":"2026-02-23T13:35:41.189-05:00","eventName":"n8n.node.started","message":"n8n.node.started","payload":{"workflowId":"MjT4bRggnLGesdcowt-s_","workflowName":"My workflow","executionId":"1","nodeType":"n8n-nodes-base.set","nodeName":"Edit Fields","nodeId":"14d96438-6d0c-4f8e-86e1-83b0a92959b6"}}
{"__type":"$$EventMessageConfirm","confirm":"e77fd5e8-3e81-45e5-a7fb-51028b4c58a1","ts":"2026-02-23T13:35:41.190-05:00","source":{"id":"0","name":"eventBus"}}
{"__type":"$$EventMessageNode","id":"b46903cc-6489-45bd-8f1b-a4184ce99f9d","ts":"2026-02-23T13:35:41.244-05:00","eventName":"n8n.node.finished","message":"n8n.node.finished","payload":{"workflowId":"MjT4bRggnLGesdcowt-s_","workflowName":"My workflow","executionId":"1","nodeType":"n8n-nodes-base.set","nodeName":"Edit Fields","nodeId":"14d96438-6d0c-4f8e-86e1-83b0a92959b6"}}
{"__type":"$$EventMessageConfirm","confirm":"b46903cc-6489-45bd-8f1b-a4184ce99f9d","ts":"2026-02-23T13:35:41.244-05:00","source":{"id":"0","name":"eventBus"}}
{"__type":"$$EventMessageNode","id":"6330a8da-28ff-4e93-a10d-e9c655cf52b7","ts":"2026-02-23T13:35:41.245-05:00","eventName":"n8n.node.started","message":"n8n.node.started","payload":{"workflowId":"MjT4bRggnLGesdcowt-s_","workflowName":"My workflow","executionId":"1","nodeType":"n8n-nodes-base.mySql","nodeName":"Execute a SQL query","nodeId":"026d25bd-d2ba-45c1-8bb4-c22bf8c09b70"}}
{"__type":"$$EventMessageConfirm","confirm":"6330a8da-28ff-4e93-a10d-e9c655cf52b7","ts":"2026-02-23T13:35:41.245-05:00","source":{"id":"0","name":"eventBus"}}
{"__type":"$$EventMessageNode","id":"b08e7337-c534-4c53-8385-a4d0af43b9ee","ts":"2026-02-23T13:35:41.293-05:00","eventName":"n8n.node.finished","message":"n8n.node.finished","payload":{"workflowId":"MjT4bRggnLGesdcowt-s_","workflowName":"My workflow","executionId":"1","nodeType":"n8n-nodes-base.mySql","nodeName":"Execute a SQL query","nodeId":"026d25bd-d2ba-45c1-8bb4-c22bf8c09b70"}}
{"__type":"$$EventMessageConfirm","confirm":"b08e7337-c534-4c53-8385-a4d0af43b9ee","ts":"2026-02-23T13:35:41.293-05:00","source":{"id":"0","name":"eventBus"}}
{"__type":"$$EventMessageNode","id":"c349ef3e-d917-464d-9074-52cc7966b5fb","ts":"2026-02-23T13:35:41.294-05:00","eventName":"n8n.node.started","message":"n8n.node.started","payload":{"workflowId":"MjT4bRggnLGesdcowt-s_","workflowName":"My workflow","executionId":"1","nodeType":"n8n-nodes-base.httpRequest","nodeName":"HTTP Request","nodeId":"ee491763-322a-4783-9ad5-3c4c255ce5b8"}}
{"__type":"$$EventMessageConfirm","confirm":"c349ef3e-d917-464d-9074-52cc7966b5fb","ts":"2026-02-23T13:35:41.294-05:00","source":{"id":"0","name":"eventBus"}}
{"__type":"$$EventMessageNode","id":"4f18feb2-efae-40dc-a2fb-5918e814576d","ts":"2026-02-23T13:35:41.502-05:00","eventName":"n8n.node.finished","message":"n8n.node.finished","payload":{"workflowId":"MjT4bRggnLGesdcowt-s_","workflowName":"My workflow","executionId":"1","nodeType":"n8n-nodes-base.httpRequest","nodeName":"HTTP Request","nodeId":"ee491763-322a-4783-9ad5-3c4c255ce5b8"}}
{"__type":"$$EventMessageConfirm","confirm":"4f18feb2-efae-40dc-a2fb-5918e814576d","ts":"2026-02-23T13:35:41.502-05:00","source":{"id":"0","name":"eventBus"}}
{"__type":"$$EventMessageWorkflow","id":"811ceca8-94d6-4080-8feb-5d111d6727a7","ts":"2026-02-23T13:35:41.504-05:00","eventName":"n8n.workflow.failed","message":"n8n.workflow.failed","payload":{"executionId":"1","success":false,"isManual":false,"workflowId":"MjT4bRggnLGesdcowt-s_","workflowName":"My workflow","lastNodeExecuted":"HTTP Request","errorNodeType":"n8n-nodes-base.httpRequest","errorMessage":"The resource you are requesting could not be found"}}
{"__type":"$$EventMessageConfirm","confirm":"811ceca8-94d6-4080-8feb-5d111d6727a7","ts":"2026-02-23T13:35:41.505-05:00","source":{"id":"0","name":"eventBus"}}
{"__type":"$$EventMessageWorkflow","id":"12a431a7-f8b5-4cda-b7ef-90ad63a0aee9","ts":"2026-02-23T13:43:08.390-05:00","eventName":"n8n.workflow.started","message":"n8n.workflow.started","payload":{"executionId":"2","workflowId":"MjT4bRggnLGesdcowt-s_","isManual":false,"workflowName":"My workflow"}}
{"__type":"$$EventMessageConfirm","confirm":"12a431a7-f8b5-4cda-b7ef-90ad63a0aee9","ts":"2026-02-23T13:43:08.390-05:00","source":{"id":"0","name":"eventBus"}}
{"__type":"$$EventMessageNode","id":"ef77e1a8-d0a6-4385-aabc-d9f8c759cf3e","ts":"2026-02-23T13:43:08.391-05:00","eventName":"n8n.node.started","message":"n8n.node.started","payload":{"workflowId":"MjT4bRggnLGesdcowt-s_","workflowName":"My workflow","executionId":"2","nodeType":"n8n-nodes-base.webhook","nodeName":"Webhook","nodeId":"1f78c74c-c3e7-47ca-9d6a-32858937a609"}}
{"__type":"$$EventMessageConfirm","confirm":"ef77e1a8-d0a6-4385-aabc-d9f8c759cf3e","ts":"2026-02-23T13:43:08.391-05:00","source":{"id":"0","name":"eventBus"}}
{"__type":"$$EventMessageNode","id":"27ca1cf6-7447-4ca7-a396-0f9bbbce33dc","ts":"2026-02-23T13:43:08.392-05:00","eventName":"n8n.node.finished","message":"n8n.node.finished","payload":{"workflowId":"MjT4bRggnLGesdcowt-s_","workflowName":"My workflow","executionId":"2","nodeType":"n8n-nodes-base.webhook","nodeName":"Webhook","nodeId":"1f78c74c-c3e7-47ca-9d6a-32858937a609"}}
{"__type":"$$EventMessageConfirm","confirm":"27ca1cf6-7447-4ca7-a396-0f9bbbce33dc","ts":"2026-02-23T13:43:08.392-05:00","source":{"id":"0","name":"eventBus"}}
{"__type":"$$EventMessageNode","id":"321e8ba5-3c92-4c42-a3eb-a7f27b05a09c","ts":"2026-02-23T13:43:08.392-05:00","eventName":"n8n.node.started","message":"n8n.node.started","payload":{"workflowId":"MjT4bRggnLGesdcowt-s_","workflowName":"My workflow","executionId":"2","nodeType":"n8n-nodes-base.readWriteFile","nodeName":"Read/Write Files from Disk","nodeId":"733bd81f-ad22-43a1-9226-08283772a719"}}
{"__type":"$$EventMessageConfirm","confirm":"321e8ba5-3c92-4c42-a3eb-a7f27b05a09c","ts":"2026-02-23T13:43:08.393-05:00","source":{"id":"0","name":"eventBus"}}
{"__type":"$$EventMessageNode","id":"89a73c46-16fb-4c85-99ab-3510f05fef08","ts":"2026-02-23T13:43:08.397-05:00","eventName":"n8n.node.finished","message":"n8n.node.finished","payload":{"workflowId":"MjT4bRggnLGesdcowt-s_","workflowName":"My workflow","executionId":"2","nodeType":"n8n-nodes-base.readWriteFile","nodeName":"Read/Write Files from Disk","nodeId":"733bd81f-ad22-43a1-9226-08283772a719"}}
{"__type":"$$EventMessageConfirm","confirm":"89a73c46-16fb-4c85-99ab-3510f05fef08","ts":"2026-02-23T13:43:08.397-05:00","source":{"id":"0","name":"eventBus"}}
{"__type":"$$EventMessageNode","id":"9a3e67bd-d5b6-43b9-8444-22653f918102","ts":"2026-02-23T13:43:08.399-05:00","eventName":"n8n.node.started","message":"n8n.node.started","payload":{"workflowId":"MjT4bRggnLGesdcowt-s_","workflowName":"My workflow","executionId":"2","nodeType":"n8n-nodes-base.set","nodeName":"Edit Fields","nodeId":"14d96438-6d0c-4f8e-86e1-83b0a92959b6"}}
{"__type":"$$EventMessageConfirm","confirm":"9a3e67bd-d5b6-43b9-8444-22653f918102","ts":"2026-02-23T13:43:08.399-05:00","source":{"id":"0","name":"eventBus"}}
{"__type":"$$EventMessageNode","id":"e36409d2-ab7a-4c86-89e2-55438f5df173","ts":"2026-02-23T13:43:08.401-05:00","eventName":"n8n.node.finished","message":"n8n.node.finished","payload":{"workflowId":"MjT4bRggnLGesdcowt-s_","workflowName":"My workflow","executionId":"2","nodeType":"n8n-nodes-base.set","nodeName":"Edit Fields","nodeId":"14d96438-6d0c-4f8e-86e1-83b0a92959b6"}}
{"__type":"$$EventMessageConfirm","confirm":"e36409d2-ab7a-4c86-89e2-55438f5df173","ts":"2026-02-23T13:43:08.401-05:00","source":{"id":"0","name":"eventBus"}}
{"__type":"$$EventMessageNode","id":"c596f7a6-2097-46f0-8deb-17292146f4de","ts":"2026-02-23T13:43:08.402-05:00","eventName":"n8n.node.started","message":"n8n.node.started","payload":{"workflowId":"MjT4bRggnLGesdcowt-s_","workflowName":"My workflow","executionId":"2","nodeType":"n8n-nodes-base.mySql","nodeName":"Execute a SQL query","nodeId":"026d25bd-d2ba-45c1-8bb4-c22bf8c09b70"}}
{"__type":"$$EventMessageConfirm","confirm":"c596f7a6-2097-46f0-8deb-17292146f4de","ts":"2026-02-23T13:43:08.402-05:00","source":{"id":"0","name":"eventBus"}}
{"__type":"$$EventMessageNode","id":"a63d5ebb-4443-42ad-9b26-66f28b9f1c2c","ts":"2026-02-23T13:43:08.418-05:00","eventName":"n8n.node.finished","message":"n8n.node.finished","payload":{"workflowId":"MjT4bRggnLGesdcowt-s_","workflowName":"My workflow","executionId":"2","nodeType":"n8n-nodes-base.mySql","nodeName":"Execute a SQL query","nodeId":"026d25bd-d2ba-45c1-8bb4-c22bf8c09b70"}}
{"__type":"$$EventMessageConfirm","confirm":"a63d5ebb-4443-42ad-9b26-66f28b9f1c2c","ts":"2026-02-23T13:43:08.419-05:00","source":{"id":"0","name":"eventBus"}}
{"__type":"$$EventMessageNode","id":"3a271668-704e-4b54-a8cd-3806ee549d22","ts":"2026-02-23T13:43:08.419-05:00","eventName":"n8n.node.started","message":"n8n.node.started","payload":{"workflowId":"MjT4bRggnLGesdcowt-s_","workflowName":"My workflow","executionId":"2","nodeType":"n8n-nodes-base.httpRequest","nodeName":"HTTP Request","nodeId":"ee491763-322a-4783-9ad5-3c4c255ce5b8"}}
{"__type":"$$EventMessageConfirm","confirm":"3a271668-704e-4b54-a8cd-3806ee549d22","ts":"2026-02-23T13:43:08.420-05:00","source":{"id":"0","name":"eventBus"}}
{"__type":"$$EventMessageNode","id":"d5d283c1-4056-48de-b5df-12376da69724","ts":"2026-02-23T13:43:08.449-05:00","eventName":"n8n.node.finished","message":"n8n.node.finished","payload":{"workflowId":"MjT4bRggnLGesdcowt-s_","workflowName":"My workflow","executionId":"2","nodeType":"n8n-nodes-base.httpRequest","nodeName":"HTTP Request","nodeId":"ee491763-322a-4783-9ad5-3c4c255ce5b8"}}
{"__type":"$$EventMessageConfirm","confirm":"d5d283c1-4056-48de-b5df-12376da69724","ts":"2026-02-23T13:43:08.449-05:00","source":{"id":"0","name":"eventBus"}}
{"__type":"$$EventMessageWorkflow","id":"27d75445-4dca-4eb3-8feb-cc9d87694873","ts":"2026-02-23T13:43:08.450-05:00","eventName":"n8n.workflow.failed","message":"n8n.workflow.failed","payload":{"executionId":"2","success":false,"isManual":false,"workflowId":"MjT4bRggnLGesdcowt-s_","workflowName":"My workflow","lastNodeExecuted":"HTTP Request","errorNodeType":"n8n-nodes-base.httpRequest","errorMessage":"The resource you are requesting could not be found"}}
{"__type":"$$EventMessageConfirm","confirm":"27d75445-4dca-4eb3-8feb-cc9d87694873","ts":"2026-02-23T13:43:08.450-05:00","source":{"id":"0","name":"eventBus"}}
